{"/Users/garrettsullivan/Desktop/AUTOMATE/Vibe Code/Wabbit/clients/sullivan_realestate/Actual/apps/gsrealty-client/lib/database/clients.ts": {"path":"/Users/garrettsullivan/Desktop/AUTOMATE/Vibe Code/Wabbit/clients/sullivan_realestate/Actual/apps/gsrealty-client/lib/database/clients.ts","statementMap":{"0":{"start":{"line":49,"column":0},"end":{"line":49,"column":22}},"1":{"start":{"line":73,"column":0},"end":{"line":73,"column":22}},"2":{"start":{"line":98,"column":0},"end":{"line":98,"column":22}},"3":{"start":{"line":123,"column":0},"end":{"line":123,"column":22}},"4":{"start":{"line":158,"column":0},"end":{"line":158,"column":22}},"5":{"start":{"line":197,"column":0},"end":{"line":197,"column":22}},"6":{"start":{"line":222,"column":0},"end":{"line":222,"column":22}},"7":{"start":{"line":8,"column":0},"end":{"line":8,"column":76}},"8":{"start":{"line":54,"column":10},"end":{"line":54,"column":null}},"9":{"start":{"line":56,"column":28},"end":{"line":59,"column":null}},"10":{"start":{"line":56,"column":10},"end":{"line":56,"column":28}},"11":{"start":{"line":61,"column":4},"end":{"line":61,"column":null}},"12":{"start":{"line":61,"column":15},"end":{"line":61,"column":null}},"13":{"start":{"line":63,"column":4},"end":{"line":63,"column":null}},"14":{"start":{"line":65,"column":4},"end":{"line":65,"column":null}},"15":{"start":{"line":66,"column":4},"end":{"line":66,"column":null}},"16":{"start":{"line":78,"column":10},"end":{"line":78,"column":null}},"17":{"start":{"line":80,"column":28},"end":{"line":84,"column":null}},"18":{"start":{"line":80,"column":10},"end":{"line":80,"column":28}},"19":{"start":{"line":86,"column":4},"end":{"line":86,"column":null}},"20":{"start":{"line":86,"column":15},"end":{"line":86,"column":null}},"21":{"start":{"line":88,"column":4},"end":{"line":88,"column":null}},"22":{"start":{"line":90,"column":4},"end":{"line":90,"column":null}},"23":{"start":{"line":91,"column":4},"end":{"line":91,"column":null}},"24":{"start":{"line":103,"column":10},"end":{"line":103,"column":null}},"25":{"start":{"line":105,"column":28},"end":{"line":109,"column":null}},"26":{"start":{"line":105,"column":10},"end":{"line":105,"column":28}},"27":{"start":{"line":111,"column":4},"end":{"line":111,"column":null}},"28":{"start":{"line":111,"column":15},"end":{"line":111,"column":null}},"29":{"start":{"line":113,"column":4},"end":{"line":113,"column":null}},"30":{"start":{"line":115,"column":4},"end":{"line":115,"column":null}},"31":{"start":{"line":116,"column":4},"end":{"line":116,"column":null}},"32":{"start":{"line":128,"column":10},"end":{"line":128,"column":null}},"33":{"start":{"line":130,"column":28},"end":{"line":143,"column":null}},"34":{"start":{"line":130,"column":10},"end":{"line":130,"column":28}},"35":{"start":{"line":145,"column":4},"end":{"line":145,"column":null}},"36":{"start":{"line":145,"column":15},"end":{"line":145,"column":null}},"37":{"start":{"line":147,"column":4},"end":{"line":147,"column":null}},"38":{"start":{"line":148,"column":4},"end":{"line":148,"column":null}},"39":{"start":{"line":150,"column":4},"end":{"line":150,"column":null}},"40":{"start":{"line":151,"column":4},"end":{"line":151,"column":null}},"41":{"start":{"line":166,"column":10},"end":{"line":166,"column":null}},"42":{"start":{"line":168,"column":10},"end":{"line":168,"column":null}},"43":{"start":{"line":169,"column":4},"end":{"line":169,"column":null}},"44":{"start":{"line":169,"column":40},"end":{"line":169,"column":null}},"45":{"start":{"line":170,"column":4},"end":{"line":170,"column":null}},"46":{"start":{"line":170,"column":39},"end":{"line":170,"column":null}},"47":{"start":{"line":171,"column":4},"end":{"line":171,"column":null}},"48":{"start":{"line":171,"column":35},"end":{"line":171,"column":null}},"49":{"start":{"line":172,"column":4},"end":{"line":172,"column":null}},"50":{"start":{"line":172,"column":35},"end":{"line":172,"column":null}},"51":{"start":{"line":173,"column":4},"end":{"line":173,"column":null}},"52":{"start":{"line":173,"column":37},"end":{"line":173,"column":null}},"53":{"start":{"line":174,"column":4},"end":{"line":174,"column":null}},"54":{"start":{"line":174,"column":46},"end":{"line":174,"column":null}},"55":{"start":{"line":175,"column":4},"end":{"line":175,"column":null}},"56":{"start":{"line":175,"column":35},"end":{"line":175,"column":null}},"57":{"start":{"line":177,"column":28},"end":{"line":182,"column":null}},"58":{"start":{"line":177,"column":10},"end":{"line":177,"column":28}},"59":{"start":{"line":184,"column":4},"end":{"line":184,"column":null}},"60":{"start":{"line":184,"column":15},"end":{"line":184,"column":null}},"61":{"start":{"line":186,"column":4},"end":{"line":186,"column":null}},"62":{"start":{"line":187,"column":4},"end":{"line":187,"column":null}},"63":{"start":{"line":189,"column":4},"end":{"line":189,"column":null}},"64":{"start":{"line":190,"column":4},"end":{"line":190,"column":null}},"65":{"start":{"line":202,"column":10},"end":{"line":202,"column":null}},"66":{"start":{"line":204,"column":22},"end":{"line":207,"column":null}},"67":{"start":{"line":204,"column":12},"end":{"line":204,"column":22}},"68":{"start":{"line":209,"column":4},"end":{"line":209,"column":null}},"69":{"start":{"line":209,"column":15},"end":{"line":209,"column":null}},"70":{"start":{"line":211,"column":4},"end":{"line":211,"column":null}},"71":{"start":{"line":212,"column":4},"end":{"line":212,"column":null}},"72":{"start":{"line":214,"column":4},"end":{"line":214,"column":null}},"73":{"start":{"line":215,"column":4},"end":{"line":215,"column":null}},"74":{"start":{"line":227,"column":10},"end":{"line":227,"column":null}},"75":{"start":{"line":229,"column":29},"end":{"line":231,"column":null}},"76":{"start":{"line":229,"column":10},"end":{"line":229,"column":29}},"77":{"start":{"line":233,"column":4},"end":{"line":233,"column":null}},"78":{"start":{"line":233,"column":15},"end":{"line":233,"column":null}},"79":{"start":{"line":235,"column":4},"end":{"line":235,"column":null}},"80":{"start":{"line":237,"column":4},"end":{"line":237,"column":null}},"81":{"start":{"line":238,"column":4},"end":{"line":238,"column":null}}},"fnMap":{"0":{"name":"getAllClients","decl":{"start":{"line":49,"column":22},"end":{"line":49,"column":35}},"loc":{"start":{"line":49,"column":35},"end":{"line":68,"column":null}}},"1":{"name":"getClientById","decl":{"start":{"line":73,"column":22},"end":{"line":73,"column":35}},"loc":{"start":{"line":73,"column":46},"end":{"line":93,"column":null}}},"2":{"name":"searchClients","decl":{"start":{"line":98,"column":22},"end":{"line":98,"column":35}},"loc":{"start":{"line":98,"column":49},"end":{"line":118,"column":null}}},"3":{"name":"createClient","decl":{"start":{"line":123,"column":22},"end":{"line":123,"column":34}},"loc":{"start":{"line":123,"column":59},"end":{"line":153,"column":null}}},"4":{"name":"updateClient","decl":{"start":{"line":158,"column":22},"end":{"line":158,"column":34}},"loc":{"start":{"line":160,"column":26},"end":{"line":192,"column":null}}},"5":{"name":"deleteClient","decl":{"start":{"line":197,"column":22},"end":{"line":197,"column":34}},"loc":{"start":{"line":197,"column":45},"end":{"line":217,"column":null}}},"6":{"name":"getClientCount","decl":{"start":{"line":222,"column":22},"end":{"line":222,"column":36}},"loc":{"start":{"line":222,"column":36},"end":{"line":240,"column":null}}}},"branchMap":{"0":{"loc":{"start":{"line":61,"column":4},"end":{"line":61,"column":null}},"type":"if","locations":[{"start":{"line":61,"column":4},"end":{"line":61,"column":null}}]},"1":{"loc":{"start":{"line":86,"column":4},"end":{"line":86,"column":null}},"type":"if","locations":[{"start":{"line":86,"column":4},"end":{"line":86,"column":null}}]},"2":{"loc":{"start":{"line":111,"column":4},"end":{"line":111,"column":null}},"type":"if","locations":[{"start":{"line":111,"column":4},"end":{"line":111,"column":null}}]},"3":{"loc":{"start":{"line":135,"column":15},"end":{"line":135,"column":34}},"type":"binary-expr","locations":[{"start":{"line":135,"column":15},"end":{"line":135,"column":26}},{"start":{"line":135,"column":30},"end":{"line":135,"column":34}}]},"4":{"loc":{"start":{"line":136,"column":15},"end":{"line":136,"column":34}},"type":"binary-expr","locations":[{"start":{"line":136,"column":15},"end":{"line":136,"column":26}},{"start":{"line":136,"column":30},"end":{"line":136,"column":34}}]},"5":{"loc":{"start":{"line":137,"column":17},"end":{"line":137,"column":38}},"type":"binary-expr","locations":[{"start":{"line":137,"column":17},"end":{"line":137,"column":30}},{"start":{"line":137,"column":34},"end":{"line":137,"column":38}}]},"6":{"loc":{"start":{"line":138,"column":26},"end":{"line":138,"column":56}},"type":"binary-expr","locations":[{"start":{"line":138,"column":26},"end":{"line":138,"column":48}},{"start":{"line":138,"column":52},"end":{"line":138,"column":56}}]},"7":{"loc":{"start":{"line":139,"column":15},"end":{"line":139,"column":34}},"type":"binary-expr","locations":[{"start":{"line":139,"column":15},"end":{"line":139,"column":26}},{"start":{"line":139,"column":30},"end":{"line":139,"column":34}}]},"8":{"loc":{"start":{"line":140,"column":17},"end":{"line":140,"column":38}},"type":"binary-expr","locations":[{"start":{"line":140,"column":17},"end":{"line":140,"column":30}},{"start":{"line":140,"column":34},"end":{"line":140,"column":38}}]},"9":{"loc":{"start":{"line":145,"column":4},"end":{"line":145,"column":null}},"type":"if","locations":[{"start":{"line":145,"column":4},"end":{"line":145,"column":null}}]},"10":{"loc":{"start":{"line":169,"column":4},"end":{"line":169,"column":null}},"type":"if","locations":[{"start":{"line":169,"column":4},"end":{"line":169,"column":null}}]},"11":{"loc":{"start":{"line":170,"column":4},"end":{"line":170,"column":null}},"type":"if","locations":[{"start":{"line":170,"column":4},"end":{"line":170,"column":null}}]},"12":{"loc":{"start":{"line":171,"column":4},"end":{"line":171,"column":null}},"type":"if","locations":[{"start":{"line":171,"column":4},"end":{"line":171,"column":null}}]},"13":{"loc":{"start":{"line":171,"column":54},"end":{"line":171,"column":73}},"type":"binary-expr","locations":[{"start":{"line":171,"column":54},"end":{"line":171,"column":65}},{"start":{"line":171,"column":69},"end":{"line":171,"column":73}}]},"14":{"loc":{"start":{"line":172,"column":4},"end":{"line":172,"column":null}},"type":"if","locations":[{"start":{"line":172,"column":4},"end":{"line":172,"column":null}}]},"15":{"loc":{"start":{"line":172,"column":54},"end":{"line":172,"column":73}},"type":"binary-expr","locations":[{"start":{"line":172,"column":54},"end":{"line":172,"column":65}},{"start":{"line":172,"column":69},"end":{"line":172,"column":73}}]},"16":{"loc":{"start":{"line":173,"column":4},"end":{"line":173,"column":null}},"type":"if","locations":[{"start":{"line":173,"column":4},"end":{"line":173,"column":null}}]},"17":{"loc":{"start":{"line":173,"column":58},"end":{"line":173,"column":79}},"type":"binary-expr","locations":[{"start":{"line":173,"column":58},"end":{"line":173,"column":71}},{"start":{"line":173,"column":75},"end":{"line":173,"column":79}}]},"18":{"loc":{"start":{"line":174,"column":4},"end":{"line":174,"column":null}},"type":"if","locations":[{"start":{"line":174,"column":4},"end":{"line":174,"column":null}}]},"19":{"loc":{"start":{"line":174,"column":76},"end":{"line":174,"column":106}},"type":"binary-expr","locations":[{"start":{"line":174,"column":76},"end":{"line":174,"column":98}},{"start":{"line":174,"column":102},"end":{"line":174,"column":106}}]},"20":{"loc":{"start":{"line":175,"column":4},"end":{"line":175,"column":null}},"type":"if","locations":[{"start":{"line":175,"column":4},"end":{"line":175,"column":null}}]},"21":{"loc":{"start":{"line":175,"column":54},"end":{"line":175,"column":73}},"type":"binary-expr","locations":[{"start":{"line":175,"column":54},"end":{"line":175,"column":65}},{"start":{"line":175,"column":69},"end":{"line":175,"column":73}}]},"22":{"loc":{"start":{"line":184,"column":4},"end":{"line":184,"column":null}},"type":"if","locations":[{"start":{"line":184,"column":4},"end":{"line":184,"column":null}}]},"23":{"loc":{"start":{"line":209,"column":4},"end":{"line":209,"column":null}},"type":"if","locations":[{"start":{"line":209,"column":4},"end":{"line":209,"column":null}}]},"24":{"loc":{"start":{"line":233,"column":4},"end":{"line":233,"column":null}},"type":"if","locations":[{"start":{"line":233,"column":4},"end":{"line":233,"column":null}}]},"25":{"loc":{"start":{"line":235,"column":20},"end":{"line":235,"column":30}},"type":"binary-expr","locations":[{"start":{"line":235,"column":20},"end":{"line":235,"column":25}},{"start":{"line":235,"column":29},"end":{"line":235,"column":30}}]}},"s":{"0":1,"1":1,"2":1,"3":1,"4":1,"5":1,"6":1,"7":1,"8":3,"9":3,"10":3,"11":3,"12":1,"13":2,"14":1,"15":1,"16":2,"17":2,"18":2,"19":2,"20":1,"21":1,"22":1,"23":1,"24":3,"25":3,"26":3,"27":3,"28":1,"29":2,"30":1,"31":1,"32":3,"33":3,"34":3,"35":3,"36":1,"37":2,"38":2,"39":1,"40":1,"41":3,"42":3,"43":3,"44":1,"45":3,"46":0,"47":3,"48":2,"49":3,"50":0,"51":3,"52":0,"53":3,"54":0,"55":3,"56":1,"57":3,"58":3,"59":3,"60":1,"61":2,"62":2,"63":1,"64":1,"65":2,"66":2,"67":2,"68":2,"69":1,"70":1,"71":1,"72":1,"73":1,"74":3,"75":3,"76":3,"77":3,"78":1,"79":2,"80":1,"81":1},"f":{"0":3,"1":2,"2":3,"3":3,"4":3,"5":2,"6":3},"b":{"0":[1],"1":[1],"2":[1],"3":[3,2],"4":[3,2],"5":[3,2],"6":[3,2],"7":[3,2],"8":[3,3],"9":[1],"10":[1],"11":[0],"12":[2],"13":[2,0],"14":[0],"15":[0,0],"16":[0],"17":[0,0],"18":[0],"19":[0,0],"20":[1],"21":[1,0],"22":[1],"23":[1],"24":[1],"25":[2,1]}}
,"/Users/garrettsullivan/Desktop/AUTOMATE/Vibe Code/Wabbit/clients/sullivan_realestate/Actual/apps/gsrealty-client/lib/database/files.ts": {"path":"/Users/garrettsullivan/Desktop/AUTOMATE/Vibe Code/Wabbit/clients/sullivan_realestate/Actual/apps/gsrealty-client/lib/database/files.ts","statementMap":{"0":{"start":{"line":21,"column":0},"end":{"line":21,"column":22}},"1":{"start":{"line":61,"column":0},"end":{"line":61,"column":22}},"2":{"start":{"line":100,"column":0},"end":{"line":100,"column":22}},"3":{"start":{"line":128,"column":0},"end":{"line":128,"column":22}},"4":{"start":{"line":156,"column":0},"end":{"line":156,"column":22}},"5":{"start":{"line":184,"column":0},"end":{"line":184,"column":22}},"6":{"start":{"line":212,"column":0},"end":{"line":212,"column":22}},"7":{"start":{"line":240,"column":0},"end":{"line":240,"column":22}},"8":{"start":{"line":268,"column":0},"end":{"line":268,"column":22}},"9":{"start":{"line":296,"column":0},"end":{"line":296,"column":22}},"10":{"start":{"line":322,"column":0},"end":{"line":322,"column":22}},"11":{"start":{"line":347,"column":0},"end":{"line":347,"column":22}},"12":{"start":{"line":379,"column":0},"end":{"line":379,"column":22}},"13":{"start":{"line":410,"column":0},"end":{"line":410,"column":22}},"14":{"start":{"line":8,"column":0},"end":{"line":8,"column":76}},"15":{"start":{"line":26,"column":10},"end":{"line":26,"column":null}},"16":{"start":{"line":28,"column":40},"end":{"line":41,"column":null}},"17":{"start":{"line":28,"column":10},"end":{"line":28,"column":40}},"18":{"start":{"line":43,"column":4},"end":{"line":43,"column":null}},"19":{"start":{"line":43,"column":15},"end":{"line":43,"column":null}},"20":{"start":{"line":45,"column":4},"end":{"line":45,"column":null}},"21":{"start":{"line":46,"column":4},"end":{"line":46,"column":null}},"22":{"start":{"line":48,"column":4},"end":{"line":48,"column":null}},"23":{"start":{"line":49,"column":4},"end":{"line":49,"column":null}},"24":{"start":{"line":67,"column":10},"end":{"line":67,"column":null}},"25":{"start":{"line":69,"column":10},"end":{"line":72,"column":null}},"26":{"start":{"line":74,"column":4},"end":{"line":76,"column":5}},"27":{"start":{"line":75,"column":6},"end":{"line":75,"column":null}},"28":{"start":{"line":78,"column":22},"end":{"line":81,"column":null}},"29":{"start":{"line":78,"column":12},"end":{"line":78,"column":22}},"30":{"start":{"line":83,"column":4},"end":{"line":83,"column":null}},"31":{"start":{"line":83,"column":15},"end":{"line":83,"column":null}},"32":{"start":{"line":85,"column":4},"end":{"line":85,"column":null}},"33":{"start":{"line":86,"column":4},"end":{"line":86,"column":null}},"34":{"start":{"line":88,"column":4},"end":{"line":88,"column":null}},"35":{"start":{"line":89,"column":4},"end":{"line":89,"column":null}},"36":{"start":{"line":105,"column":10},"end":{"line":105,"column":null}},"37":{"start":{"line":107,"column":22},"end":{"line":110,"column":null}},"38":{"start":{"line":107,"column":12},"end":{"line":107,"column":22}},"39":{"start":{"line":112,"column":4},"end":{"line":112,"column":null}},"40":{"start":{"line":112,"column":15},"end":{"line":112,"column":null}},"41":{"start":{"line":114,"column":4},"end":{"line":114,"column":null}},"42":{"start":{"line":115,"column":4},"end":{"line":115,"column":null}},"43":{"start":{"line":117,"column":4},"end":{"line":117,"column":null}},"44":{"start":{"line":118,"column":4},"end":{"line":118,"column":null}},"45":{"start":{"line":133,"column":10},"end":{"line":133,"column":null}},"46":{"start":{"line":135,"column":28},"end":{"line":139,"column":null}},"47":{"start":{"line":135,"column":10},"end":{"line":135,"column":28}},"48":{"start":{"line":141,"column":4},"end":{"line":141,"column":null}},"49":{"start":{"line":141,"column":15},"end":{"line":141,"column":null}},"50":{"start":{"line":143,"column":4},"end":{"line":143,"column":null}},"51":{"start":{"line":145,"column":4},"end":{"line":145,"column":null}},"52":{"start":{"line":146,"column":4},"end":{"line":146,"column":null}},"53":{"start":{"line":161,"column":10},"end":{"line":161,"column":null}},"54":{"start":{"line":163,"column":28},"end":{"line":167,"column":null}},"55":{"start":{"line":163,"column":10},"end":{"line":163,"column":28}},"56":{"start":{"line":169,"column":4},"end":{"line":169,"column":null}},"57":{"start":{"line":169,"column":15},"end":{"line":169,"column":null}},"58":{"start":{"line":171,"column":4},"end":{"line":171,"column":null}},"59":{"start":{"line":173,"column":4},"end":{"line":173,"column":null}},"60":{"start":{"line":174,"column":4},"end":{"line":174,"column":null}},"61":{"start":{"line":184,"column":34},"end":{"line":184,"column":56}},"62":{"start":{"line":189,"column":10},"end":{"line":189,"column":null}},"63":{"start":{"line":191,"column":28},"end":{"line":195,"column":null}},"64":{"start":{"line":191,"column":10},"end":{"line":191,"column":28}},"65":{"start":{"line":197,"column":4},"end":{"line":197,"column":null}},"66":{"start":{"line":197,"column":15},"end":{"line":197,"column":null}},"67":{"start":{"line":199,"column":4},"end":{"line":199,"column":null}},"68":{"start":{"line":201,"column":4},"end":{"line":201,"column":null}},"69":{"start":{"line":202,"column":4},"end":{"line":202,"column":null}},"70":{"start":{"line":217,"column":10},"end":{"line":217,"column":null}},"71":{"start":{"line":219,"column":28},"end":{"line":223,"column":null}},"72":{"start":{"line":219,"column":10},"end":{"line":219,"column":28}},"73":{"start":{"line":225,"column":4},"end":{"line":225,"column":null}},"74":{"start":{"line":225,"column":15},"end":{"line":225,"column":null}},"75":{"start":{"line":227,"column":4},"end":{"line":227,"column":null}},"76":{"start":{"line":229,"column":4},"end":{"line":229,"column":null}},"77":{"start":{"line":230,"column":4},"end":{"line":230,"column":null}},"78":{"start":{"line":245,"column":10},"end":{"line":245,"column":null}},"79":{"start":{"line":247,"column":28},"end":{"line":251,"column":null}},"80":{"start":{"line":247,"column":10},"end":{"line":247,"column":28}},"81":{"start":{"line":253,"column":4},"end":{"line":253,"column":null}},"82":{"start":{"line":253,"column":15},"end":{"line":253,"column":null}},"83":{"start":{"line":255,"column":4},"end":{"line":255,"column":null}},"84":{"start":{"line":257,"column":4},"end":{"line":257,"column":null}},"85":{"start":{"line":258,"column":4},"end":{"line":258,"column":null}},"86":{"start":{"line":273,"column":10},"end":{"line":273,"column":null}},"87":{"start":{"line":275,"column":22},"end":{"line":278,"column":null}},"88":{"start":{"line":275,"column":12},"end":{"line":275,"column":22}},"89":{"start":{"line":280,"column":4},"end":{"line":280,"column":null}},"90":{"start":{"line":280,"column":15},"end":{"line":280,"column":null}},"91":{"start":{"line":282,"column":4},"end":{"line":282,"column":null}},"92":{"start":{"line":283,"column":4},"end":{"line":283,"column":null}},"93":{"start":{"line":285,"column":4},"end":{"line":285,"column":null}},"94":{"start":{"line":286,"column":4},"end":{"line":286,"column":null}},"95":{"start":{"line":301,"column":10},"end":{"line":301,"column":null}},"96":{"start":{"line":303,"column":29},"end":{"line":306,"column":null}},"97":{"start":{"line":303,"column":10},"end":{"line":303,"column":29}},"98":{"start":{"line":308,"column":4},"end":{"line":308,"column":null}},"99":{"start":{"line":308,"column":15},"end":{"line":308,"column":null}},"100":{"start":{"line":310,"column":4},"end":{"line":310,"column":null}},"101":{"start":{"line":312,"column":4},"end":{"line":312,"column":null}},"102":{"start":{"line":313,"column":4},"end":{"line":313,"column":null}},"103":{"start":{"line":327,"column":10},"end":{"line":327,"column":null}},"104":{"start":{"line":329,"column":29},"end":{"line":331,"column":null}},"105":{"start":{"line":329,"column":10},"end":{"line":329,"column":29}},"106":{"start":{"line":333,"column":4},"end":{"line":333,"column":null}},"107":{"start":{"line":333,"column":15},"end":{"line":333,"column":null}},"108":{"start":{"line":335,"column":4},"end":{"line":335,"column":null}},"109":{"start":{"line":337,"column":4},"end":{"line":337,"column":null}},"110":{"start":{"line":338,"column":4},"end":{"line":338,"column":null}},"111":{"start":{"line":352,"column":10},"end":{"line":352,"column":null}},"112":{"start":{"line":354,"column":28},"end":{"line":356,"column":null}},"113":{"start":{"line":354,"column":10},"end":{"line":354,"column":28}},"114":{"start":{"line":358,"column":4},"end":{"line":358,"column":null}},"115":{"start":{"line":358,"column":15},"end":{"line":358,"column":null}},"116":{"start":{"line":361,"column":10},"end":{"line":361,"column":null}},"117":{"start":{"line":362,"column":4},"end":{"line":365,"column":null}},"118":{"start":{"line":363,"column":19},"end":{"line":363,"column":46}},"119":{"start":{"line":364,"column":6},"end":{"line":364,"column":null}},"120":{"start":{"line":367,"column":4},"end":{"line":367,"column":null}},"121":{"start":{"line":369,"column":4},"end":{"line":369,"column":null}},"122":{"start":{"line":370,"column":4},"end":{"line":370,"column":null}},"123":{"start":{"line":379,"column":39},"end":{"line":379,"column":58}},"124":{"start":{"line":384,"column":10},"end":{"line":384,"column":null}},"125":{"start":{"line":386,"column":10},"end":{"line":386,"column":null}},"126":{"start":{"line":387,"column":4},"end":{"line":387,"column":null}},"127":{"start":{"line":389,"column":28},"end":{"line":393,"column":null}},"128":{"start":{"line":389,"column":10},"end":{"line":389,"column":28}},"129":{"start":{"line":395,"column":4},"end":{"line":395,"column":null}},"130":{"start":{"line":395,"column":15},"end":{"line":395,"column":null}},"131":{"start":{"line":397,"column":4},"end":{"line":397,"column":null}},"132":{"start":{"line":399,"column":4},"end":{"line":399,"column":null}},"133":{"start":{"line":400,"column":4},"end":{"line":400,"column":null}},"134":{"start":{"line":415,"column":10},"end":{"line":415,"column":null}},"135":{"start":{"line":417,"column":28},"end":{"line":421,"column":null}},"136":{"start":{"line":417,"column":10},"end":{"line":417,"column":28}},"137":{"start":{"line":423,"column":4},"end":{"line":423,"column":null}},"138":{"start":{"line":423,"column":15},"end":{"line":423,"column":null}},"139":{"start":{"line":425,"column":4},"end":{"line":425,"column":null}},"140":{"start":{"line":427,"column":4},"end":{"line":427,"column":null}},"141":{"start":{"line":428,"column":4},"end":{"line":428,"column":null}}},"fnMap":{"0":{"name":"recordFileUpload","decl":{"start":{"line":21,"column":22},"end":{"line":21,"column":38}},"loc":{"start":{"line":21,"column":66},"end":{"line":51,"column":null}}},"1":{"name":"updateFileStatus","decl":{"start":{"line":61,"column":22},"end":{"line":61,"column":38}},"loc":{"start":{"line":64,"column":23},"end":{"line":91,"column":null}}},"2":{"name":"updateFileLocalPath","decl":{"start":{"line":100,"column":22},"end":{"line":100,"column":41}},"loc":{"start":{"line":102,"column":19},"end":{"line":120,"column":null}}},"3":{"name":"getClientFiles","decl":{"start":{"line":128,"column":22},"end":{"line":128,"column":36}},"loc":{"start":{"line":128,"column":53},"end":{"line":148,"column":null}}},"4":{"name":"getFileById","decl":{"start":{"line":156,"column":22},"end":{"line":156,"column":33}},"loc":{"start":{"line":156,"column":48},"end":{"line":176,"column":null}}},"5":{"name":"getAllFiles","decl":{"start":{"line":184,"column":22},"end":{"line":184,"column":33}},"loc":{"start":{"line":184,"column":33},"end":{"line":204,"column":null}}},"6":{"name":"getFilesByStatus","decl":{"start":{"line":212,"column":22},"end":{"line":212,"column":38}},"loc":{"start":{"line":212,"column":63},"end":{"line":232,"column":null}}},"7":{"name":"getFilesByType","decl":{"start":{"line":240,"column":22},"end":{"line":240,"column":36}},"loc":{"start":{"line":240,"column":53},"end":{"line":260,"column":null}}},"8":{"name":"deleteFileRecord","decl":{"start":{"line":268,"column":22},"end":{"line":268,"column":38}},"loc":{"start":{"line":268,"column":53},"end":{"line":288,"column":null}}},"9":{"name":"getClientFileCount","decl":{"start":{"line":296,"column":22},"end":{"line":296,"column":40}},"loc":{"start":{"line":296,"column":57},"end":{"line":315,"column":null}}},"10":{"name":"getTotalFileCount","decl":{"start":{"line":322,"column":22},"end":{"line":322,"column":39}},"loc":{"start":{"line":322,"column":39},"end":{"line":340,"column":null}}},"11":{"name":"getFileStatsByType","decl":{"start":{"line":347,"column":22},"end":{"line":347,"column":40}},"loc":{"start":{"line":347,"column":40},"end":{"line":372,"column":null}}},"12":{"name":"(anonymous_49)","decl":{"start":{"line":362,"column":18},"end":{"line":362,"column":19}},"loc":{"start":{"line":362,"column":23},"end":{"line":365,"column":5}}},"13":{"name":"getRecentUploads","decl":{"start":{"line":379,"column":22},"end":{"line":379,"column":38}},"loc":{"start":{"line":379,"column":38},"end":{"line":402,"column":null}}},"14":{"name":"searchFilesByName","decl":{"start":{"line":410,"column":22},"end":{"line":410,"column":39}},"loc":{"start":{"line":410,"column":53},"end":{"line":430,"column":null}}}},"branchMap":{"0":{"loc":{"start":{"line":38,"column":27},"end":{"line":38,"column":61}},"type":"binary-expr","locations":[{"start":{"line":38,"column":27},"end":{"line":38,"column":48}},{"start":{"line":38,"column":52},"end":{"line":38,"column":61}}]},"1":{"loc":{"start":{"line":43,"column":4},"end":{"line":43,"column":null}},"type":"if","locations":[{"start":{"line":43,"column":4},"end":{"line":43,"column":null}}]},"2":{"loc":{"start":{"line":74,"column":4},"end":{"line":76,"column":5}},"type":"if","locations":[{"start":{"line":74,"column":4},"end":{"line":76,"column":5}}]},"3":{"loc":{"start":{"line":83,"column":4},"end":{"line":83,"column":null}},"type":"if","locations":[{"start":{"line":83,"column":4},"end":{"line":83,"column":null}}]},"4":{"loc":{"start":{"line":112,"column":4},"end":{"line":112,"column":null}},"type":"if","locations":[{"start":{"line":112,"column":4},"end":{"line":112,"column":null}}]},"5":{"loc":{"start":{"line":141,"column":4},"end":{"line":141,"column":null}},"type":"if","locations":[{"start":{"line":141,"column":4},"end":{"line":141,"column":null}}]},"6":{"loc":{"start":{"line":143,"column":21},"end":{"line":143,"column":50}},"type":"binary-expr","locations":[{"start":{"line":143,"column":21},"end":{"line":143,"column":44}},{"start":{"line":143,"column":48},"end":{"line":143,"column":50}}]},"7":{"loc":{"start":{"line":169,"column":4},"end":{"line":169,"column":null}},"type":"if","locations":[{"start":{"line":169,"column":4},"end":{"line":169,"column":null}}]},"8":{"loc":{"start":{"line":184,"column":34},"end":{"line":184,"column":56}},"type":"if","locations":[{"start":{"line":184,"column":34},"end":{"line":184,"column":56}}]},"9":{"loc":{"start":{"line":197,"column":4},"end":{"line":197,"column":null}},"type":"if","locations":[{"start":{"line":197,"column":4},"end":{"line":197,"column":null}}]},"10":{"loc":{"start":{"line":199,"column":21},"end":{"line":199,"column":50}},"type":"binary-expr","locations":[{"start":{"line":199,"column":21},"end":{"line":199,"column":44}},{"start":{"line":199,"column":48},"end":{"line":199,"column":50}}]},"11":{"loc":{"start":{"line":225,"column":4},"end":{"line":225,"column":null}},"type":"if","locations":[{"start":{"line":225,"column":4},"end":{"line":225,"column":null}}]},"12":{"loc":{"start":{"line":227,"column":21},"end":{"line":227,"column":50}},"type":"binary-expr","locations":[{"start":{"line":227,"column":21},"end":{"line":227,"column":44}},{"start":{"line":227,"column":48},"end":{"line":227,"column":50}}]},"13":{"loc":{"start":{"line":253,"column":4},"end":{"line":253,"column":null}},"type":"if","locations":[{"start":{"line":253,"column":4},"end":{"line":253,"column":null}}]},"14":{"loc":{"start":{"line":255,"column":21},"end":{"line":255,"column":50}},"type":"binary-expr","locations":[{"start":{"line":255,"column":21},"end":{"line":255,"column":44}},{"start":{"line":255,"column":48},"end":{"line":255,"column":50}}]},"15":{"loc":{"start":{"line":280,"column":4},"end":{"line":280,"column":null}},"type":"if","locations":[{"start":{"line":280,"column":4},"end":{"line":280,"column":null}}]},"16":{"loc":{"start":{"line":308,"column":4},"end":{"line":308,"column":null}},"type":"if","locations":[{"start":{"line":308,"column":4},"end":{"line":308,"column":null}}]},"17":{"loc":{"start":{"line":310,"column":20},"end":{"line":310,"column":30}},"type":"binary-expr","locations":[{"start":{"line":310,"column":20},"end":{"line":310,"column":25}},{"start":{"line":310,"column":29},"end":{"line":310,"column":30}}]},"18":{"loc":{"start":{"line":333,"column":4},"end":{"line":333,"column":null}},"type":"if","locations":[{"start":{"line":333,"column":4},"end":{"line":333,"column":null}}]},"19":{"loc":{"start":{"line":335,"column":20},"end":{"line":335,"column":30}},"type":"binary-expr","locations":[{"start":{"line":335,"column":20},"end":{"line":335,"column":25}},{"start":{"line":335,"column":29},"end":{"line":335,"column":30}}]},"20":{"loc":{"start":{"line":358,"column":4},"end":{"line":358,"column":null}},"type":"if","locations":[{"start":{"line":358,"column":4},"end":{"line":358,"column":null}}]},"21":{"loc":{"start":{"line":362,"column":4},"end":{"line":365,"column":6}},"type":"cond-expr","locations":[{"start":{"line":362,"column":8},"end":{"line":362,"column":10}},{"start":{"line":362,"column":4},"end":{"line":365,"column":6}}]},"22":{"loc":{"start":{"line":362,"column":4},"end":{"line":362,"column":10}},"type":"binary-expr","locations":[{"start":{"line":362,"column":4},"end":{"line":362,"column":10}},{"start":{"line":362,"column":4},"end":{"line":362,"column":10}}]},"23":{"loc":{"start":{"line":363,"column":19},"end":{"line":363,"column":46}},"type":"binary-expr","locations":[{"start":{"line":363,"column":19},"end":{"line":363,"column":33}},{"start":{"line":363,"column":37},"end":{"line":363,"column":46}}]},"24":{"loc":{"start":{"line":364,"column":21},"end":{"line":364,"column":37}},"type":"binary-expr","locations":[{"start":{"line":364,"column":21},"end":{"line":364,"column":32}},{"start":{"line":364,"column":36},"end":{"line":364,"column":37}}]},"25":{"loc":{"start":{"line":379,"column":39},"end":{"line":379,"column":58}},"type":"if","locations":[{"start":{"line":379,"column":39},"end":{"line":379,"column":58}}]},"26":{"loc":{"start":{"line":395,"column":4},"end":{"line":395,"column":null}},"type":"if","locations":[{"start":{"line":395,"column":4},"end":{"line":395,"column":null}}]},"27":{"loc":{"start":{"line":397,"column":21},"end":{"line":397,"column":50}},"type":"binary-expr","locations":[{"start":{"line":397,"column":21},"end":{"line":397,"column":44}},{"start":{"line":397,"column":48},"end":{"line":397,"column":50}}]},"28":{"loc":{"start":{"line":423,"column":4},"end":{"line":423,"column":null}},"type":"if","locations":[{"start":{"line":423,"column":4},"end":{"line":423,"column":null}}]},"29":{"loc":{"start":{"line":425,"column":21},"end":{"line":425,"column":50}},"type":"binary-expr","locations":[{"start":{"line":425,"column":21},"end":{"line":425,"column":44}},{"start":{"line":425,"column":48},"end":{"line":425,"column":50}}]}},"s":{"0":1,"1":1,"2":1,"3":1,"4":1,"5":1,"6":1,"7":1,"8":1,"9":1,"10":1,"11":1,"12":1,"13":1,"14":1,"15":2,"16":2,"17":2,"18":2,"19":1,"20":1,"21":1,"22":1,"23":1,"24":2,"25":2,"26":2,"27":1,"28":2,"29":2,"30":2,"31":0,"32":2,"33":2,"34":0,"35":0,"36":1,"37":1,"38":1,"39":1,"40":0,"41":1,"42":1,"43":0,"44":0,"45":2,"46":2,"47":2,"48":2,"49":0,"50":2,"51":0,"52":0,"53":1,"54":1,"55":1,"56":1,"57":0,"58":1,"59":0,"60":0,"61":3,"62":2,"63":2,"64":2,"65":2,"66":0,"67":2,"68":0,"69":0,"70":1,"71":1,"72":1,"73":1,"74":0,"75":1,"76":0,"77":0,"78":1,"79":1,"80":1,"81":1,"82":0,"83":1,"84":0,"85":0,"86":1,"87":1,"88":1,"89":1,"90":0,"91":1,"92":1,"93":0,"94":0,"95":1,"96":1,"97":1,"98":1,"99":0,"100":1,"101":0,"102":0,"103":1,"104":1,"105":1,"106":1,"107":0,"108":1,"109":0,"110":0,"111":0,"112":0,"113":0,"114":0,"115":0,"116":0,"117":0,"118":0,"119":0,"120":0,"121":0,"122":0,"123":0,"124":0,"125":0,"126":0,"127":0,"128":0,"129":0,"130":0,"131":0,"132":0,"133":0,"134":0,"135":0,"136":0,"137":0,"138":0,"139":0,"140":0,"141":0},"f":{"0":2,"1":2,"2":1,"3":2,"4":1,"5":2,"6":1,"7":1,"8":1,"9":1,"10":1,"11":0,"12":0,"13":0,"14":0},"b":{"0":[2,1],"1":[1],"2":[1],"3":[0],"4":[0],"5":[0],"6":[2,0],"7":[0],"8":[1],"9":[0],"10":[2,0],"11":[0],"12":[1,0],"13":[0],"14":[1,0],"15":[0],"16":[0],"17":[1,0],"18":[0],"19":[1,0],"20":[0],"21":[0,0],"22":[0,0],"23":[0,0],"24":[0,0],"25":[0],"26":[0],"27":[0,0],"28":[0],"29":[0,0]}}
,"/Users/garrettsullivan/Desktop/AUTOMATE/Vibe Code/Wabbit/clients/sullivan_realestate/Actual/apps/gsrealty-client/lib/database/mcao.ts": {"path":"/Users/garrettsullivan/Desktop/AUTOMATE/Vibe Code/Wabbit/clients/sullivan_realestate/Actual/apps/gsrealty-client/lib/database/mcao.ts","statementMap":{"0":{"start":{"line":26,"column":0},"end":{"line":26,"column":22}},"1":{"start":{"line":78,"column":0},"end":{"line":78,"column":22}},"2":{"start":{"line":119,"column":0},"end":{"line":119,"column":22}},"3":{"start":{"line":155,"column":0},"end":{"line":155,"column":22}},"4":{"start":{"line":184,"column":0},"end":{"line":184,"column":22}},"5":{"start":{"line":248,"column":0},"end":{"line":248,"column":22}},"6":{"start":{"line":282,"column":0},"end":{"line":282,"column":22}},"7":{"start":{"line":316,"column":0},"end":{"line":316,"column":22}},"8":{"start":{"line":348,"column":0},"end":{"line":348,"column":22}},"9":{"start":{"line":11,"column":0},"end":{"line":11,"column":76}},"10":{"start":{"line":17,"column":0},"end":{"line":17,"column":61}},"11":{"start":{"line":34,"column":10},"end":{"line":34,"column":null}},"12":{"start":{"line":35,"column":10},"end":{"line":35,"column":null}},"13":{"start":{"line":37,"column":4},"end":{"line":39,"column":5}},"14":{"start":{"line":38,"column":6},"end":{"line":38,"column":null}},"15":{"start":{"line":42,"column":36},"end":{"line":60,"column":null}},"16":{"start":{"line":42,"column":10},"end":{"line":42,"column":36}},"17":{"start":{"line":62,"column":4},"end":{"line":62,"column":null}},"18":{"start":{"line":62,"column":15},"end":{"line":62,"column":null}},"19":{"start":{"line":64,"column":4},"end":{"line":64,"column":null}},"20":{"start":{"line":65,"column":4},"end":{"line":65,"column":null}},"21":{"start":{"line":67,"column":4},"end":{"line":67,"column":null}},"22":{"start":{"line":68,"column":4},"end":{"line":68,"column":null}},"23":{"start":{"line":83,"column":10},"end":{"line":83,"column":null}},"24":{"start":{"line":84,"column":10},"end":{"line":84,"column":null}},"25":{"start":{"line":86,"column":4},"end":{"line":88,"column":5}},"26":{"start":{"line":87,"column":6},"end":{"line":87,"column":null}},"27":{"start":{"line":90,"column":28},"end":{"line":94,"column":null}},"28":{"start":{"line":90,"column":10},"end":{"line":90,"column":28}},"29":{"start":{"line":96,"column":4},"end":{"line":102,"column":5}},"30":{"start":{"line":98,"column":6},"end":{"line":100,"column":7}},"31":{"start":{"line":99,"column":8},"end":{"line":99,"column":null}},"32":{"start":{"line":101,"column":6},"end":{"line":101,"column":null}},"33":{"start":{"line":104,"column":4},"end":{"line":104,"column":null}},"34":{"start":{"line":105,"column":4},"end":{"line":105,"column":null}},"35":{"start":{"line":107,"column":4},"end":{"line":107,"column":null}},"36":{"start":{"line":108,"column":4},"end":{"line":108,"column":null}},"37":{"start":{"line":127,"column":10},"end":{"line":127,"column":null}},"38":{"start":{"line":128,"column":10},"end":{"line":128,"column":null}},"39":{"start":{"line":130,"column":4},"end":{"line":132,"column":5}},"40":{"start":{"line":131,"column":6},"end":{"line":131,"column":null}},"41":{"start":{"line":134,"column":22},"end":{"line":137,"column":null}},"42":{"start":{"line":134,"column":12},"end":{"line":134,"column":22}},"43":{"start":{"line":139,"column":4},"end":{"line":139,"column":null}},"44":{"start":{"line":139,"column":15},"end":{"line":139,"column":null}},"45":{"start":{"line":141,"column":4},"end":{"line":141,"column":null}},"46":{"start":{"line":142,"column":4},"end":{"line":142,"column":null}},"47":{"start":{"line":144,"column":4},"end":{"line":144,"column":null}},"48":{"start":{"line":145,"column":4},"end":{"line":145,"column":null}},"49":{"start":{"line":160,"column":10},"end":{"line":160,"column":null}},"50":{"start":{"line":162,"column":28},"end":{"line":167,"column":17}},"51":{"start":{"line":162,"column":10},"end":{"line":162,"column":28}},"52":{"start":{"line":169,"column":4},"end":{"line":169,"column":null}},"53":{"start":{"line":169,"column":15},"end":{"line":169,"column":null}},"54":{"start":{"line":171,"column":4},"end":{"line":171,"column":null}},"55":{"start":{"line":172,"column":4},"end":{"line":172,"column":null}},"56":{"start":{"line":174,"column":4},"end":{"line":174,"column":null}},"57":{"start":{"line":175,"column":4},"end":{"line":175,"column":null}},"58":{"start":{"line":194,"column":10},"end":{"line":194,"column":null}},"59":{"start":{"line":197,"column":55},"end":{"line":199,"column":null}},"60":{"start":{"line":197,"column":10},"end":{"line":197,"column":55}},"61":{"start":{"line":201,"column":4},"end":{"line":201,"column":null}},"62":{"start":{"line":201,"column":20},"end":{"line":201,"column":null}},"63":{"start":{"line":204,"column":62},"end":{"line":207,"column":null}},"64":{"start":{"line":204,"column":10},"end":{"line":204,"column":62}},"65":{"start":{"line":209,"column":4},"end":{"line":209,"column":null}},"66":{"start":{"line":209,"column":21},"end":{"line":209,"column":null}},"67":{"start":{"line":212,"column":53},"end":{"line":217,"column":null}},"68":{"start":{"line":212,"column":10},"end":{"line":212,"column":53}},"69":{"start":{"line":220,"column":49},"end":{"line":225,"column":null}},"70":{"start":{"line":220,"column":10},"end":{"line":220,"column":49}},"71":{"start":{"line":227,"column":10},"end":{"line":232,"column":null}},"72":{"start":{"line":234,"column":4},"end":{"line":234,"column":null}},"73":{"start":{"line":235,"column":4},"end":{"line":235,"column":null}},"74":{"start":{"line":237,"column":4},"end":{"line":237,"column":null}},"75":{"start":{"line":238,"column":4},"end":{"line":238,"column":null}},"76":{"start":{"line":253,"column":10},"end":{"line":253,"column":null}},"77":{"start":{"line":254,"column":10},"end":{"line":254,"column":null}},"78":{"start":{"line":256,"column":4},"end":{"line":258,"column":5}},"79":{"start":{"line":257,"column":6},"end":{"line":257,"column":null}},"80":{"start":{"line":260,"column":22},"end":{"line":263,"column":null}},"81":{"start":{"line":260,"column":12},"end":{"line":260,"column":22}},"82":{"start":{"line":265,"column":4},"end":{"line":265,"column":null}},"83":{"start":{"line":265,"column":15},"end":{"line":265,"column":null}},"84":{"start":{"line":267,"column":4},"end":{"line":267,"column":null}},"85":{"start":{"line":268,"column":4},"end":{"line":268,"column":null}},"86":{"start":{"line":270,"column":4},"end":{"line":270,"column":null}},"87":{"start":{"line":271,"column":4},"end":{"line":271,"column":null}},"88":{"start":{"line":283,"column":2},"end":{"line":283,"column":null}},"89":{"start":{"line":284,"column":2},"end":{"line":284,"column":null}},"90":{"start":{"line":291,"column":10},"end":{"line":291,"column":null}},"91":{"start":{"line":294,"column":35},"end":{"line":298,"column":null}},"92":{"start":{"line":294,"column":10},"end":{"line":294,"column":35}},"93":{"start":{"line":300,"column":4},"end":{"line":300,"column":null}},"94":{"start":{"line":300,"column":15},"end":{"line":300,"column":null}},"95":{"start":{"line":302,"column":4},"end":{"line":302,"column":null}},"96":{"start":{"line":303,"column":4},"end":{"line":303,"column":null}},"97":{"start":{"line":305,"column":4},"end":{"line":305,"column":null}},"98":{"start":{"line":306,"column":4},"end":{"line":306,"column":null}},"99":{"start":{"line":321,"column":10},"end":{"line":321,"column":null}},"100":{"start":{"line":322,"column":10},"end":{"line":322,"column":null}},"101":{"start":{"line":324,"column":4},"end":{"line":326,"column":5}},"102":{"start":{"line":325,"column":6},"end":{"line":325,"column":null}},"103":{"start":{"line":328,"column":29},"end":{"line":331,"column":null}},"104":{"start":{"line":328,"column":10},"end":{"line":328,"column":29}},"105":{"start":{"line":333,"column":4},"end":{"line":333,"column":null}},"106":{"start":{"line":333,"column":15},"end":{"line":333,"column":null}},"107":{"start":{"line":335,"column":4},"end":{"line":335,"column":null}},"108":{"start":{"line":337,"column":4},"end":{"line":337,"column":null}},"109":{"start":{"line":338,"column":4},"end":{"line":338,"column":null}},"110":{"start":{"line":353,"column":10},"end":{"line":353,"column":null}},"111":{"start":{"line":355,"column":28},"end":{"line":359,"column":null}},"112":{"start":{"line":355,"column":10},"end":{"line":355,"column":28}},"113":{"start":{"line":361,"column":4},"end":{"line":367,"column":5}},"114":{"start":{"line":363,"column":6},"end":{"line":365,"column":7}},"115":{"start":{"line":364,"column":8},"end":{"line":364,"column":null}},"116":{"start":{"line":366,"column":6},"end":{"line":366,"column":null}},"117":{"start":{"line":369,"column":4},"end":{"line":369,"column":null}},"118":{"start":{"line":370,"column":4},"end":{"line":370,"column":null}},"119":{"start":{"line":372,"column":4},"end":{"line":372,"column":null}},"120":{"start":{"line":373,"column":4},"end":{"line":373,"column":null}}},"fnMap":{"0":{"name":"saveMCAOData","decl":{"start":{"line":26,"column":22},"end":{"line":26,"column":34}},"loc":{"start":{"line":28,"column":23},"end":{"line":70,"column":null}}},"1":{"name":"getMCAODataByAPN","decl":{"start":{"line":78,"column":22},"end":{"line":78,"column":38}},"loc":{"start":{"line":78,"column":47},"end":{"line":110,"column":null}}},"2":{"name":"linkMCAOToProperty","decl":{"start":{"line":119,"column":22},"end":{"line":119,"column":40}},"loc":{"start":{"line":121,"column":20},"end":{"line":147,"column":null}}},"3":{"name":"searchMCAOByOwner","decl":{"start":{"line":155,"column":22},"end":{"line":155,"column":39}},"loc":{"start":{"line":155,"column":57},"end":{"line":177,"column":null}}},"4":{"name":"getMCAOStats","decl":{"start":{"line":184,"column":22},"end":{"line":184,"column":34}},"loc":{"start":{"line":184,"column":34},"end":{"line":240,"column":null}}},"5":{"name":"deleteMCAOData","decl":{"start":{"line":248,"column":22},"end":{"line":248,"column":36}},"loc":{"start":{"line":248,"column":45},"end":{"line":273,"column":null}}},"6":{"name":"getAllMCAOData","decl":{"start":{"line":282,"column":22},"end":{"line":282,"column":36}},"loc":{"start":{"line":282,"column":36},"end":{"line":308,"column":null}}},"7":{"name":"mcaoDataExists","decl":{"start":{"line":316,"column":22},"end":{"line":316,"column":36}},"loc":{"start":{"line":316,"column":45},"end":{"line":340,"column":null}}},"8":{"name":"getMCAODataByPropertyId","decl":{"start":{"line":348,"column":22},"end":{"line":348,"column":45}},"loc":{"start":{"line":348,"column":64},"end":{"line":375,"column":null}}}},"branchMap":{"0":{"loc":{"start":{"line":37,"column":4},"end":{"line":39,"column":5}},"type":"if","locations":[{"start":{"line":37,"column":4},"end":{"line":39,"column":5}}]},"1":{"loc":{"start":{"line":62,"column":4},"end":{"line":62,"column":null}},"type":"if","locations":[{"start":{"line":62,"column":4},"end":{"line":62,"column":null}}]},"2":{"loc":{"start":{"line":86,"column":4},"end":{"line":88,"column":5}},"type":"if","locations":[{"start":{"line":86,"column":4},"end":{"line":88,"column":5}}]},"3":{"loc":{"start":{"line":96,"column":4},"end":{"line":102,"column":5}},"type":"if","locations":[{"start":{"line":96,"column":4},"end":{"line":102,"column":5}}]},"4":{"loc":{"start":{"line":98,"column":6},"end":{"line":100,"column":7}},"type":"if","locations":[{"start":{"line":98,"column":6},"end":{"line":100,"column":7}}]},"5":{"loc":{"start":{"line":130,"column":4},"end":{"line":132,"column":5}},"type":"if","locations":[{"start":{"line":130,"column":4},"end":{"line":132,"column":5}}]},"6":{"loc":{"start":{"line":139,"column":4},"end":{"line":139,"column":null}},"type":"if","locations":[{"start":{"line":139,"column":4},"end":{"line":139,"column":null}}]},"7":{"loc":{"start":{"line":169,"column":4},"end":{"line":169,"column":null}},"type":"if","locations":[{"start":{"line":169,"column":4},"end":{"line":169,"column":null}}]},"8":{"loc":{"start":{"line":171,"column":35},"end":{"line":171,"column":52}},"type":"binary-expr","locations":[{"start":{"line":171,"column":35},"end":{"line":171,"column":47}},{"start":{"line":171,"column":51},"end":{"line":171,"column":52}}]},"9":{"loc":{"start":{"line":171,"column":35},"end":{"line":171,"column":47}},"type":"cond-expr","locations":[{"start":{"line":171,"column":39},"end":{"line":171,"column":41}},{"start":{"line":171,"column":35},"end":{"line":171,"column":47}}]},"10":{"loc":{"start":{"line":171,"column":35},"end":{"line":171,"column":41}},"type":"binary-expr","locations":[{"start":{"line":171,"column":35},"end":{"line":171,"column":41}},{"start":{"line":171,"column":35},"end":{"line":171,"column":41}}]},"11":{"loc":{"start":{"line":201,"column":4},"end":{"line":201,"column":null}},"type":"if","locations":[{"start":{"line":201,"column":4},"end":{"line":201,"column":null}}]},"12":{"loc":{"start":{"line":209,"column":4},"end":{"line":209,"column":null}},"type":"if","locations":[{"start":{"line":209,"column":4},"end":{"line":209,"column":null}}]},"13":{"loc":{"start":{"line":228,"column":20},"end":{"line":228,"column":37}},"type":"binary-expr","locations":[{"start":{"line":228,"column":20},"end":{"line":228,"column":32}},{"start":{"line":228,"column":36},"end":{"line":228,"column":37}}]},"14":{"loc":{"start":{"line":229,"column":26},"end":{"line":229,"column":49}},"type":"binary-expr","locations":[{"start":{"line":229,"column":26},"end":{"line":229,"column":44}},{"start":{"line":229,"column":48},"end":{"line":229,"column":49}}]},"15":{"loc":{"start":{"line":230,"column":23},"end":{"line":230,"column":53}},"type":"binary-expr","locations":[{"start":{"line":230,"column":23},"end":{"line":230,"column":45}},{"start":{"line":230,"column":49},"end":{"line":230,"column":53}}]},"16":{"loc":{"start":{"line":230,"column":23},"end":{"line":230,"column":45}},"type":"cond-expr","locations":[{"start":{"line":230,"column":33},"end":{"line":230,"column":35}},{"start":{"line":230,"column":23},"end":{"line":230,"column":45}}]},"17":{"loc":{"start":{"line":230,"column":23},"end":{"line":230,"column":35}},"type":"binary-expr","locations":[{"start":{"line":230,"column":23},"end":{"line":230,"column":35}},{"start":{"line":230,"column":23},"end":{"line":230,"column":35}}]},"18":{"loc":{"start":{"line":231,"column":19},"end":{"line":231,"column":45}},"type":"binary-expr","locations":[{"start":{"line":231,"column":19},"end":{"line":231,"column":37}},{"start":{"line":231,"column":41},"end":{"line":231,"column":45}}]},"19":{"loc":{"start":{"line":231,"column":19},"end":{"line":231,"column":37}},"type":"cond-expr","locations":[{"start":{"line":231,"column":25},"end":{"line":231,"column":27}},{"start":{"line":231,"column":19},"end":{"line":231,"column":37}}]},"20":{"loc":{"start":{"line":231,"column":19},"end":{"line":231,"column":27}},"type":"binary-expr","locations":[{"start":{"line":231,"column":19},"end":{"line":231,"column":27}},{"start":{"line":231,"column":19},"end":{"line":231,"column":27}}]},"21":{"loc":{"start":{"line":256,"column":4},"end":{"line":258,"column":5}},"type":"if","locations":[{"start":{"line":256,"column":4},"end":{"line":258,"column":5}}]},"22":{"loc":{"start":{"line":265,"column":4},"end":{"line":265,"column":null}},"type":"if","locations":[{"start":{"line":265,"column":4},"end":{"line":265,"column":null}}]},"23":{"loc":{"start":{"line":283,"column":2},"end":{"line":283,"column":null}},"type":"if","locations":[{"start":{"line":283,"column":2},"end":{"line":283,"column":null}}]},"24":{"loc":{"start":{"line":284,"column":2},"end":{"line":284,"column":null}},"type":"if","locations":[{"start":{"line":284,"column":2},"end":{"line":284,"column":null}}]},"25":{"loc":{"start":{"line":300,"column":4},"end":{"line":300,"column":null}},"type":"if","locations":[{"start":{"line":300,"column":4},"end":{"line":300,"column":null}}]},"26":{"loc":{"start":{"line":302,"column":39},"end":{"line":302,"column":56}},"type":"binary-expr","locations":[{"start":{"line":302,"column":39},"end":{"line":302,"column":51}},{"start":{"line":302,"column":55},"end":{"line":302,"column":56}}]},"27":{"loc":{"start":{"line":302,"column":39},"end":{"line":302,"column":51}},"type":"cond-expr","locations":[{"start":{"line":302,"column":43},"end":{"line":302,"column":45}},{"start":{"line":302,"column":39},"end":{"line":302,"column":51}}]},"28":{"loc":{"start":{"line":302,"column":39},"end":{"line":302,"column":45}},"type":"binary-expr","locations":[{"start":{"line":302,"column":39},"end":{"line":302,"column":45}},{"start":{"line":302,"column":39},"end":{"line":302,"column":45}}]},"29":{"loc":{"start":{"line":324,"column":4},"end":{"line":326,"column":5}},"type":"if","locations":[{"start":{"line":324,"column":4},"end":{"line":326,"column":5}}]},"30":{"loc":{"start":{"line":333,"column":4},"end":{"line":333,"column":null}},"type":"if","locations":[{"start":{"line":333,"column":4},"end":{"line":333,"column":null}}]},"31":{"loc":{"start":{"line":335,"column":22},"end":{"line":335,"column":32}},"type":"binary-expr","locations":[{"start":{"line":335,"column":22},"end":{"line":335,"column":27}},{"start":{"line":335,"column":31},"end":{"line":335,"column":32}}]},"32":{"loc":{"start":{"line":361,"column":4},"end":{"line":367,"column":5}},"type":"if","locations":[{"start":{"line":361,"column":4},"end":{"line":367,"column":5}}]},"33":{"loc":{"start":{"line":363,"column":6},"end":{"line":365,"column":7}},"type":"if","locations":[{"start":{"line":363,"column":6},"end":{"line":365,"column":7}}]}},"s":{"0":1,"1":1,"2":1,"3":1,"4":1,"5":1,"6":1,"7":1,"8":1,"9":1,"10":1,"11":4,"12":4,"13":4,"14":1,"15":3,"16":3,"17":3,"18":1,"19":2,"20":2,"21":2,"22":2,"23":3,"24":3,"25":3,"26":1,"27":2,"28":2,"29":2,"30":1,"31":1,"32":0,"33":1,"34":1,"35":1,"36":1,"37":2,"38":2,"39":2,"40":1,"41":1,"42":1,"43":1,"44":0,"45":1,"46":1,"47":1,"48":1,"49":2,"50":2,"51":2,"52":2,"53":0,"54":2,"55":2,"56":0,"57":0,"58":1,"59":1,"60":1,"61":1,"62":0,"63":1,"64":1,"65":1,"66":0,"67":1,"68":1,"69":1,"70":1,"71":1,"72":1,"73":1,"74":0,"75":0,"76":2,"77":2,"78":2,"79":1,"80":1,"81":1,"82":1,"83":0,"84":1,"85":1,"86":1,"87":1,"88":0,"89":0,"90":0,"91":0,"92":0,"93":0,"94":0,"95":0,"96":0,"97":0,"98":0,"99":3,"100":3,"101":3,"102":1,"103":2,"104":2,"105":2,"106":0,"107":2,"108":1,"109":1,"110":0,"111":0,"112":0,"113":0,"114":0,"115":0,"116":0,"117":0,"118":0,"119":0,"120":0},"f":{"0":4,"1":3,"2":2,"3":2,"4":1,"5":2,"6":0,"7":3,"8":0},"b":{"0":[1],"1":[1],"2":[1],"3":[1],"4":[1],"5":[1],"6":[0],"7":[0],"8":[2,1],"9":[0,2],"10":[2,2],"11":[0],"12":[0],"13":[1,0],"14":[1,0],"15":[1,0],"16":[0,1],"17":[1,1],"18":[1,0],"19":[0,1],"20":[1,1],"21":[1],"22":[0],"23":[0],"24":[0],"25":[0],"26":[0,0],"27":[0,0],"28":[0,0],"29":[1],"30":[0],"31":[2,1],"32":[0],"33":[0]}}
,"/Users/garrettsullivan/Desktop/AUTOMATE/Vibe Code/Wabbit/clients/sullivan_realestate/Actual/apps/gsrealty-client/lib/types/mcao-data.ts": {"path":"/Users/garrettsullivan/Desktop/AUTOMATE/Vibe Code/Wabbit/clients/sullivan_realestate/Actual/apps/gsrealty-client/lib/types/mcao-data.ts","statementMap":{"0":{"start":{"line":319,"column":0},"end":{"line":319,"column":16}},"1":{"start":{"line":327,"column":0},"end":{"line":327,"column":16}},"2":{"start":{"line":345,"column":0},"end":{"line":345,"column":16}},"3":{"start":{"line":361,"column":0},"end":{"line":361,"column":16}},"4":{"start":{"line":373,"column":0},"end":{"line":373,"column":16}},"5":{"start":{"line":380,"column":0},"end":{"line":380,"column":16}},"6":{"start":{"line":291,"column":0},"end":{"line":291,"column":null}},"7":{"start":{"line":292,"column":2},"end":{"line":292,"column":null}},"8":{"start":{"line":293,"column":2},"end":{"line":293,"column":null}},"9":{"start":{"line":294,"column":2},"end":{"line":294,"column":null}},"10":{"start":{"line":295,"column":2},"end":{"line":295,"column":null}},"11":{"start":{"line":296,"column":2},"end":{"line":296,"column":null}},"12":{"start":{"line":297,"column":2},"end":{"line":297,"column":null}},"13":{"start":{"line":298,"column":2},"end":{"line":298,"column":null}},"14":{"start":{"line":299,"column":2},"end":{"line":299,"column":null}},"15":{"start":{"line":300,"column":2},"end":{"line":300,"column":null}},"16":{"start":{"line":301,"column":2},"end":{"line":301,"column":null}},"17":{"start":{"line":320,"column":19},"end":{"line":320,"column":48}},"18":{"start":{"line":321,"column":2},"end":{"line":321,"column":null}},"19":{"start":{"line":329,"column":18},"end":{"line":329,"column":43}},"20":{"start":{"line":332,"column":2},"end":{"line":337,"column":3}},"21":{"start":{"line":333,"column":18},"end":{"line":333,"column":37}},"22":{"start":{"line":334,"column":18},"end":{"line":334,"column":37}},"23":{"start":{"line":335,"column":18},"end":{"line":335,"column":34}},"24":{"start":{"line":336,"column":4},"end":{"line":336,"column":null}},"25":{"start":{"line":339,"column":2},"end":{"line":339,"column":null}},"26":{"start":{"line":346,"column":2},"end":{"line":355,"column":null}},"27":{"start":{"line":362,"column":2},"end":{"line":367,"column":null}},"28":{"start":{"line":374,"column":2},"end":{"line":374,"column":null}},"29":{"start":{"line":381,"column":19},"end":{"line":381,"column":21}},"30":{"start":{"line":382,"column":2},"end":{"line":382,"column":null}},"31":{"start":{"line":382,"column":31},"end":{"line":382,"column":null}},"32":{"start":{"line":383,"column":2},"end":{"line":383,"column":null}},"33":{"start":{"line":383,"column":33},"end":{"line":383,"column":null}},"34":{"start":{"line":384,"column":2},"end":{"line":384,"column":null}},"35":{"start":{"line":384,"column":36},"end":{"line":384,"column":null}},"36":{"start":{"line":385,"column":2},"end":{"line":385,"column":null}},"37":{"start":{"line":385,"column":29},"end":{"line":385,"column":null}},"38":{"start":{"line":387,"column":2},"end":{"line":411,"column":null}}},"fnMap":{"0":{"name":"(anonymous_0)","decl":{"start":{"line":291,"column":0},"end":{"line":291,"column":12}},"loc":{"start":{"line":291,"column":25},"end":{"line":302,"column":1}}},"1":{"name":"isValidAPN","decl":{"start":{"line":319,"column":16},"end":{"line":319,"column":26}},"loc":{"start":{"line":319,"column":38},"end":{"line":322,"column":1}}},"2":{"name":"formatAPN","decl":{"start":{"line":327,"column":16},"end":{"line":327,"column":25}},"loc":{"start":{"line":327,"column":37},"end":{"line":340,"column":1}}},"3":{"name":"parseToSummary","decl":{"start":{"line":345,"column":16},"end":{"line":345,"column":30}},"loc":{"start":{"line":345,"column":56},"end":{"line":356,"column":1}}},"4":{"name":"formatCurrency","decl":{"start":{"line":361,"column":16},"end":{"line":361,"column":30}},"loc":{"start":{"line":361,"column":45},"end":{"line":368,"column":1}}},"5":{"name":"formatSquareFeet","decl":{"start":{"line":373,"column":16},"end":{"line":373,"column":32}},"loc":{"start":{"line":373,"column":45},"end":{"line":375,"column":1}}},"6":{"name":"toMaricopaSheetData","decl":{"start":{"line":380,"column":16},"end":{"line":380,"column":35}},"loc":{"start":{"line":380,"column":61},"end":{"line":412,"column":1}}}},"branchMap":{"0":{"loc":{"start":{"line":291,"column":12},"end":{"line":291,"column":null}},"type":"binary-expr","locations":[{"start":{"line":291,"column":12},"end":{"line":291,"column":25}},{"start":{"line":291,"column":25},"end":{"line":291,"column":null}}]},"1":{"loc":{"start":{"line":332,"column":2},"end":{"line":337,"column":3}},"type":"if","locations":[{"start":{"line":332,"column":2},"end":{"line":337,"column":3}}]},"2":{"loc":{"start":{"line":382,"column":2},"end":{"line":382,"column":null}},"type":"if","locations":[{"start":{"line":382,"column":2},"end":{"line":382,"column":null}}]},"3":{"loc":{"start":{"line":382,"column":6},"end":{"line":382,"column":29}},"type":"cond-expr","locations":[{"start":{"line":382,"column":23},"end":{"line":382,"column":25}},{"start":{"line":382,"column":23},"end":{"line":382,"column":29}}]},"4":{"loc":{"start":{"line":382,"column":6},"end":{"line":382,"column":25}},"type":"binary-expr","locations":[{"start":{"line":382,"column":6},"end":{"line":382,"column":25}},{"start":{"line":382,"column":23},"end":{"line":382,"column":25}}]},"5":{"loc":{"start":{"line":383,"column":2},"end":{"line":383,"column":null}},"type":"if","locations":[{"start":{"line":383,"column":2},"end":{"line":383,"column":null}}]},"6":{"loc":{"start":{"line":383,"column":6},"end":{"line":383,"column":31}},"type":"cond-expr","locations":[{"start":{"line":383,"column":23},"end":{"line":383,"column":25}},{"start":{"line":383,"column":23},"end":{"line":383,"column":31}}]},"7":{"loc":{"start":{"line":383,"column":6},"end":{"line":383,"column":25}},"type":"binary-expr","locations":[{"start":{"line":383,"column":6},"end":{"line":383,"column":25}},{"start":{"line":383,"column":23},"end":{"line":383,"column":25}}]},"8":{"loc":{"start":{"line":383,"column":58},"end":{"line":383,"column":93}},"type":"binary-expr","locations":[{"start":{"line":383,"column":58},"end":{"line":383,"column":88}},{"start":{"line":383,"column":92},"end":{"line":383,"column":93}}]},"9":{"loc":{"start":{"line":384,"column":2},"end":{"line":384,"column":null}},"type":"if","locations":[{"start":{"line":384,"column":2},"end":{"line":384,"column":null}}]},"10":{"loc":{"start":{"line":384,"column":6},"end":{"line":384,"column":34}},"type":"cond-expr","locations":[{"start":{"line":384,"column":23},"end":{"line":384,"column":25}},{"start":{"line":384,"column":23},"end":{"line":384,"column":34}}]},"11":{"loc":{"start":{"line":384,"column":6},"end":{"line":384,"column":25}},"type":"binary-expr","locations":[{"start":{"line":384,"column":6},"end":{"line":384,"column":25}},{"start":{"line":384,"column":23},"end":{"line":384,"column":25}}]},"12":{"loc":{"start":{"line":385,"column":2},"end":{"line":385,"column":null}},"type":"if","locations":[{"start":{"line":385,"column":2},"end":{"line":385,"column":null}}]},"13":{"loc":{"start":{"line":385,"column":6},"end":{"line":385,"column":27}},"type":"cond-expr","locations":[{"start":{"line":385,"column":23},"end":{"line":385,"column":25}},{"start":{"line":385,"column":23},"end":{"line":385,"column":27}}]},"14":{"loc":{"start":{"line":385,"column":6},"end":{"line":385,"column":25}},"type":"binary-expr","locations":[{"start":{"line":385,"column":6},"end":{"line":385,"column":25}},{"start":{"line":385,"column":23},"end":{"line":385,"column":25}}]},"15":{"loc":{"start":{"line":393,"column":15},"end":{"line":393,"column":54}},"type":"binary-expr","locations":[{"start":{"line":393,"column":15},"end":{"line":393,"column":45}},{"start":{"line":393,"column":49},"end":{"line":393,"column":54}}]},"16":{"loc":{"start":{"line":393,"column":15},"end":{"line":393,"column":45}},"type":"cond-expr","locations":[{"start":{"line":393,"column":33},"end":{"line":393,"column":35}},{"start":{"line":393,"column":33},"end":{"line":393,"column":45}}]},"17":{"loc":{"start":{"line":393,"column":15},"end":{"line":393,"column":35}},"type":"binary-expr","locations":[{"start":{"line":393,"column":15},"end":{"line":393,"column":35}},{"start":{"line":393,"column":33},"end":{"line":393,"column":35}}]},"18":{"loc":{"start":{"line":396,"column":12},"end":{"line":396,"column":36}},"type":"binary-expr","locations":[{"start":{"line":396,"column":12},"end":{"line":396,"column":27}},{"start":{"line":396,"column":31},"end":{"line":396,"column":36}}]},"19":{"loc":{"start":{"line":403,"column":17},"end":{"line":403,"column":46}},"type":"binary-expr","locations":[{"start":{"line":403,"column":17},"end":{"line":403,"column":37}},{"start":{"line":403,"column":41},"end":{"line":403,"column":46}}]},"20":{"loc":{"start":{"line":404,"column":9},"end":{"line":404,"column":30}},"type":"binary-expr","locations":[{"start":{"line":404,"column":9},"end":{"line":404,"column":21}},{"start":{"line":404,"column":25},"end":{"line":404,"column":30}}]},"21":{"loc":{"start":{"line":405,"column":11},"end":{"line":405,"column":34}},"type":"binary-expr","locations":[{"start":{"line":405,"column":11},"end":{"line":405,"column":25}},{"start":{"line":405,"column":29},"end":{"line":405,"column":34}}]},"22":{"loc":{"start":{"line":406,"column":14},"end":{"line":406,"column":52}},"type":"binary-expr","locations":[{"start":{"line":406,"column":14},"end":{"line":406,"column":43}},{"start":{"line":406,"column":47},"end":{"line":406,"column":52}}]},"23":{"loc":{"start":{"line":406,"column":14},"end":{"line":406,"column":43}},"type":"cond-expr","locations":[{"start":{"line":406,"column":31},"end":{"line":406,"column":33}},{"start":{"line":406,"column":31},"end":{"line":406,"column":43}}]},"24":{"loc":{"start":{"line":406,"column":14},"end":{"line":406,"column":33}},"type":"binary-expr","locations":[{"start":{"line":406,"column":14},"end":{"line":406,"column":33}},{"start":{"line":406,"column":31},"end":{"line":406,"column":33}}]},"25":{"loc":{"start":{"line":407,"column":15},"end":{"line":407,"column":54}},"type":"binary-expr","locations":[{"start":{"line":407,"column":15},"end":{"line":407,"column":45}},{"start":{"line":407,"column":49},"end":{"line":407,"column":54}}]},"26":{"loc":{"start":{"line":407,"column":15},"end":{"line":407,"column":45}},"type":"cond-expr","locations":[{"start":{"line":407,"column":33},"end":{"line":407,"column":35}},{"start":{"line":407,"column":33},"end":{"line":407,"column":45}}]},"27":{"loc":{"start":{"line":407,"column":15},"end":{"line":407,"column":35}},"type":"binary-expr","locations":[{"start":{"line":407,"column":15},"end":{"line":407,"column":35}},{"start":{"line":407,"column":33},"end":{"line":407,"column":35}}]},"28":{"loc":{"start":{"line":408,"column":21},"end":{"line":408,"column":98}},"type":"cond-expr","locations":[{"start":{"line":408,"column":48},"end":{"line":408,"column":90}},{"start":{"line":408,"column":93},"end":{"line":408,"column":98}}]},"29":{"loc":{"start":{"line":409,"column":22},"end":{"line":409,"column":56}},"type":"binary-expr","locations":[{"start":{"line":409,"column":22},"end":{"line":409,"column":47}},{"start":{"line":409,"column":51},"end":{"line":409,"column":56}}]},"30":{"loc":{"start":{"line":410,"column":14},"end":{"line":410,"column":50}},"type":"binary-expr","locations":[{"start":{"line":410,"column":14},"end":{"line":410,"column":33}},{"start":{"line":410,"column":37},"end":{"line":410,"column":50}}]}},"s":{"0":2,"1":2,"2":2,"3":2,"4":2,"5":2,"6":2,"7":2,"8":2,"9":2,"10":2,"11":2,"12":2,"13":2,"14":2,"15":2,"16":2,"17":36,"18":36,"19":29,"20":29,"21":22,"22":22,"23":22,"24":22,"25":7,"26":2,"27":46,"28":25,"29":8,"30":8,"31":6,"32":8,"33":6,"34":8,"35":6,"36":8,"37":6,"38":8},"f":{"0":2,"1":36,"2":29,"3":2,"4":46,"5":25,"6":8},"b":{"0":[2,2],"1":[22],"2":[6],"3":[2,6],"4":[8,8],"5":[6],"6":[2,6],"7":[8,8],"8":[6,0],"9":[6],"10":[2,6],"11":[8,8],"12":[6],"13":[2,6],"14":[8,8],"15":[8,1],"16":[1,7],"17":[8,8],"18":[8,1],"19":[8,1],"20":[8,1],"21":[8,1],"22":[8,1],"23":[1,7],"24":[8,8],"25":[8,1],"26":[1,7],"27":[8,8],"28":[7,1],"29":[8,1],"30":[8,2]}}
,"/Users/garrettsullivan/Desktop/AUTOMATE/Vibe Code/Wabbit/clients/sullivan_realestate/Actual/apps/gsrealty-client/lib/types/mls-data.ts": {"path":"/Users/garrettsullivan/Desktop/AUTOMATE/Vibe Code/Wabbit/clients/sullivan_realestate/Actual/apps/gsrealty-client/lib/types/mls-data.ts","statementMap":{"0":{"start":{"line":515,"column":0},"end":{"line":515,"column":16}},"1":{"start":{"line":522,"column":0},"end":{"line":522,"column":16}},"2":{"start":{"line":529,"column":0},"end":{"line":529,"column":16}},"3":{"start":{"line":536,"column":0},"end":{"line":536,"column":16}},"4":{"start":{"line":543,"column":0},"end":{"line":543,"column":16}},"5":{"start":{"line":409,"column":13},"end":{"line":417,"column":11}},"6":{"start":{"line":429,"column":13},"end":{"line":467,"column":11}},"7":{"start":{"line":476,"column":13},"end":{"line":476,"column":55}},"8":{"start":{"line":481,"column":13},"end":{"line":506,"column":11}},"9":{"start":{"line":516,"column":2},"end":{"line":516,"column":61}},"10":{"start":{"line":523,"column":2},"end":{"line":523,"column":66}},"11":{"start":{"line":530,"column":2},"end":{"line":530,"column":46}},"12":{"start":{"line":537,"column":2},"end":{"line":537,"column":27}},"13":{"start":{"line":544,"column":52},"end":{"line":552,"column":4}},"14":{"start":{"line":553,"column":2},"end":{"line":553,"column":25}}},"fnMap":{"0":{"name":"isMLSStatus","decl":{"start":{"line":515,"column":16},"end":{"line":515,"column":27}},"loc":{"start":{"line":515,"column":38},"end":{"line":517,"column":1}}},"1":{"name":"isMLSBoolean","decl":{"start":{"line":522,"column":16},"end":{"line":522,"column":28}},"loc":{"start":{"line":522,"column":39},"end":{"line":524,"column":1}}},"2":{"name":"mlsBooleanToBoolean","decl":{"start":{"line":529,"column":16},"end":{"line":529,"column":35}},"loc":{"start":{"line":529,"column":53},"end":{"line":531,"column":1}}},"3":{"name":"booleanToMLSBoolean","decl":{"start":{"line":536,"column":16},"end":{"line":536,"column":35}},"loc":{"start":{"line":536,"column":50},"end":{"line":538,"column":1}}},"4":{"name":"statusToDisplay","decl":{"start":{"line":543,"column":16},"end":{"line":543,"column":31}},"loc":{"start":{"line":543,"column":49},"end":{"line":554,"column":1}}}},"branchMap":{"0":{"loc":{"start":{"line":537,"column":9},"end":{"line":537,"column":26}},"type":"cond-expr","locations":[{"start":{"line":537,"column":17},"end":{"line":537,"column":20}},{"start":{"line":537,"column":23},"end":{"line":537,"column":26}}]}},"s":{"0":1,"1":1,"2":1,"3":1,"4":1,"5":1,"6":1,"7":1,"8":1,"9":15,"10":19,"11":14,"12":4,"13":21,"14":21},"f":{"0":15,"1":19,"2":14,"3":4,"4":21},"b":{"0":[2,2]}}
,"/Users/garrettsullivan/Desktop/AUTOMATE/Vibe Code/Wabbit/clients/sullivan_realestate/Actual/apps/gsrealty-client/lib/validation/upload-schema.ts": {"path":"/Users/garrettsullivan/Desktop/AUTOMATE/Vibe Code/Wabbit/clients/sullivan_realestate/Actual/apps/gsrealty-client/lib/validation/upload-schema.ts","statementMap":{"0":{"start":{"line":115,"column":0},"end":{"line":115,"column":16}},"1":{"start":{"line":144,"column":0},"end":{"line":144,"column":16}},"2":{"start":{"line":157,"column":0},"end":{"line":157,"column":16}},"3":{"start":{"line":7,"column":0},"end":{"line":7,"column":23}},"4":{"start":{"line":12,"column":13},"end":{"line":16,"column":null}},"5":{"start":{"line":23,"column":13},"end":{"line":31,"column":null}},"6":{"start":{"line":36,"column":13},"end":{"line":78,"column":null}},"7":{"start":{"line":51,"column":22},"end":{"line":51,"column":null}},"8":{"start":{"line":55,"column":22},"end":{"line":55,"column":null}},"9":{"start":{"line":62,"column":27},"end":{"line":62,"column":104}},"10":{"start":{"line":63,"column":8},"end":{"line":63,"column":null}},"11":{"start":{"line":71,"column":30},"end":{"line":71,"column":82}},"12":{"start":{"line":72,"column":8},"end":{"line":72,"column":null}},"13":{"start":{"line":85,"column":13},"end":{"line":95,"column":null}},"14":{"start":{"line":102,"column":13},"end":{"line":108,"column":null}},"15":{"start":{"line":117,"column":2},"end":{"line":119,"column":3}},"16":{"start":{"line":118,"column":4},"end":{"line":118,"column":null}},"17":{"start":{"line":121,"column":2},"end":{"line":126,"column":3}},"18":{"start":{"line":122,"column":4},"end":{"line":125,"column":null}},"19":{"start":{"line":129,"column":21},"end":{"line":129,"column":98}},"20":{"start":{"line":130,"column":29},"end":{"line":130,"column":86}},"21":{"start":{"line":131,"column":2},"end":{"line":136,"column":3}},"22":{"start":{"line":132,"column":4},"end":{"line":135,"column":null}},"23":{"start":{"line":138,"column":2},"end":{"line":138,"column":null}},"24":{"start":{"line":145,"column":2},"end":{"line":145,"column":null}},"25":{"start":{"line":145,"column":19},"end":{"line":145,"column":null}},"26":{"start":{"line":147,"column":12},"end":{"line":147,"column":16}},"27":{"start":{"line":148,"column":16},"end":{"line":148,"column":43}},"28":{"start":{"line":149,"column":12},"end":{"line":149,"column":53}},"29":{"start":{"line":151,"column":2},"end":{"line":151,"column":null}},"30":{"start":{"line":158,"column":2},"end":{"line":167,"column":3}},"31":{"start":{"line":160,"column":6},"end":{"line":160,"column":null}},"32":{"start":{"line":162,"column":6},"end":{"line":162,"column":null}},"33":{"start":{"line":164,"column":6},"end":{"line":164,"column":null}},"34":{"start":{"line":166,"column":6},"end":{"line":166,"column":null}}},"fnMap":{"0":{"name":"(anonymous_0)","decl":{"start":{"line":51,"column":6},"end":{"line":51,"column":7}},"loc":{"start":{"line":51,"column":17},"end":{"line":51,"column":26}}},"1":{"name":"(anonymous_1)","decl":{"start":{"line":55,"column":6},"end":{"line":55,"column":7}},"loc":{"start":{"line":55,"column":17},"end":{"line":55,"column":26}}},"2":{"name":"(anonymous_2)","decl":{"start":{"line":61,"column":6},"end":{"line":61,"column":7}},"loc":{"start":{"line":61,"column":17},"end":{"line":64,"column":7}}},"3":{"name":"(anonymous_3)","decl":{"start":{"line":70,"column":6},"end":{"line":70,"column":7}},"loc":{"start":{"line":70,"column":17},"end":{"line":73,"column":7}}},"4":{"name":"validateFile","decl":{"start":{"line":115,"column":16},"end":{"line":115,"column":28}},"loc":{"start":{"line":115,"column":39},"end":{"line":139,"column":1}}},"5":{"name":"formatFileSize","decl":{"start":{"line":144,"column":16},"end":{"line":144,"column":30}},"loc":{"start":{"line":144,"column":44},"end":{"line":152,"column":1}}},"6":{"name":"getUploadTypeLabel","decl":{"start":{"line":157,"column":16},"end":{"line":157,"column":34}},"loc":{"start":{"line":157,"column":51},"end":{"line":168,"column":1}}}},"branchMap":{"0":{"loc":{"start":{"line":62,"column":33},"end":{"line":62,"column":74}},"type":"cond-expr","locations":[{"start":{"line":62,"column":59},"end":{"line":62,"column":61}},{"start":{"line":62,"column":59},"end":{"line":62,"column":74}}]},"1":{"loc":{"start":{"line":62,"column":33},"end":{"line":62,"column":61}},"type":"binary-expr","locations":[{"start":{"line":62,"column":33},"end":{"line":62,"column":61}},{"start":{"line":62,"column":59},"end":{"line":62,"column":61}}]},"2":{"loc":{"start":{"line":72,"column":15},"end":{"line":72,"column":68}},"type":"binary-expr","locations":[{"start":{"line":72,"column":15},"end":{"line":72,"column":48}},{"start":{"line":72,"column":52},"end":{"line":72,"column":68}}]},"3":{"loc":{"start":{"line":117,"column":2},"end":{"line":119,"column":3}},"type":"if","locations":[{"start":{"line":117,"column":2},"end":{"line":119,"column":3}}]},"4":{"loc":{"start":{"line":121,"column":2},"end":{"line":126,"column":3}},"type":"if","locations":[{"start":{"line":121,"column":2},"end":{"line":126,"column":3}}]},"5":{"loc":{"start":{"line":129,"column":27},"end":{"line":129,"column":68}},"type":"cond-expr","locations":[{"start":{"line":129,"column":53},"end":{"line":129,"column":55}},{"start":{"line":129,"column":53},"end":{"line":129,"column":68}}]},"6":{"loc":{"start":{"line":129,"column":27},"end":{"line":129,"column":55}},"type":"binary-expr","locations":[{"start":{"line":129,"column":27},"end":{"line":129,"column":55}},{"start":{"line":129,"column":53},"end":{"line":129,"column":55}}]},"7":{"loc":{"start":{"line":131,"column":2},"end":{"line":136,"column":3}},"type":"if","locations":[{"start":{"line":131,"column":2},"end":{"line":136,"column":3}}]},"8":{"loc":{"start":{"line":145,"column":2},"end":{"line":145,"column":null}},"type":"if","locations":[{"start":{"line":145,"column":2},"end":{"line":145,"column":null}}]},"9":{"loc":{"start":{"line":158,"column":2},"end":{"line":167,"column":3}},"type":"switch","locations":[{"start":{"line":159,"column":4},"end":{"line":160,"column":null}},{"start":{"line":161,"column":4},"end":{"line":162,"column":null}},{"start":{"line":163,"column":4},"end":{"line":164,"column":null}},{"start":{"line":165,"column":4},"end":{"line":166,"column":null}}]}},"s":{"0":1,"1":1,"2":1,"3":1,"4":1,"5":1,"6":1,"7":12,"8":12,"9":12,"10":12,"11":12,"12":12,"13":1,"14":1,"15":8,"16":1,"17":7,"18":1,"19":6,"20":6,"21":6,"22":2,"23":4,"24":12,"25":1,"26":11,"27":11,"28":11,"29":11,"30":4,"31":1,"32":1,"33":1,"34":1},"f":{"0":12,"1":12,"2":12,"3":12,"4":8,"5":12,"6":4},"b":{"0":[0,12],"1":[12,12],"2":[12,1],"3":[1],"4":[1],"5":[0,6],"6":[6,6],"7":[2],"8":[1],"9":[1,1,1,1]}}
}
