TN:
SF:lib/database/clients.ts
FN:49,getAllClients
FN:73,getClientById
FN:98,searchClients
FN:123,createClient
FN:158,updateClient
FN:197,deleteClient
FN:222,getClientCount
FNF:7
FNH:7
FNDA:3,getAllClients
FNDA:2,getClientById
FNDA:3,searchClients
FNDA:3,createClient
FNDA:3,updateClient
FNDA:2,deleteClient
FNDA:3,getClientCount
DA:8,1
DA:49,1
DA:54,3
DA:56,3
DA:61,3
DA:63,2
DA:65,1
DA:66,1
DA:73,1
DA:78,2
DA:80,2
DA:86,2
DA:88,1
DA:90,1
DA:91,1
DA:98,1
DA:103,3
DA:105,3
DA:111,3
DA:113,2
DA:115,1
DA:116,1
DA:123,1
DA:128,3
DA:130,3
DA:145,3
DA:147,2
DA:148,2
DA:150,1
DA:151,1
DA:158,1
DA:166,3
DA:168,3
DA:169,3
DA:170,3
DA:171,3
DA:172,3
DA:173,3
DA:174,3
DA:175,3
DA:177,3
DA:184,3
DA:186,2
DA:187,2
DA:189,1
DA:190,1
DA:197,1
DA:202,2
DA:204,2
DA:209,2
DA:211,1
DA:212,1
DA:214,1
DA:215,1
DA:222,1
DA:227,3
DA:229,3
DA:233,3
DA:235,2
DA:237,1
DA:238,1
LF:61
LH:61
BRDA:61,0,0,1
BRDA:86,1,0,1
BRDA:111,2,0,1
BRDA:135,3,0,3
BRDA:135,3,1,2
BRDA:136,4,0,3
BRDA:136,4,1,2
BRDA:137,5,0,3
BRDA:137,5,1,2
BRDA:138,6,0,3
BRDA:138,6,1,2
BRDA:139,7,0,3
BRDA:139,7,1,2
BRDA:140,8,0,3
BRDA:140,8,1,3
BRDA:145,9,0,1
BRDA:169,10,0,1
BRDA:170,11,0,0
BRDA:171,12,0,2
BRDA:171,13,0,2
BRDA:171,13,1,0
BRDA:172,14,0,0
BRDA:172,15,0,0
BRDA:172,15,1,0
BRDA:173,16,0,0
BRDA:173,17,0,0
BRDA:173,17,1,0
BRDA:174,18,0,0
BRDA:174,19,0,0
BRDA:174,19,1,0
BRDA:175,20,0,1
BRDA:175,21,0,1
BRDA:175,21,1,0
BRDA:184,22,0,1
BRDA:209,23,0,1
BRDA:233,24,0,1
BRDA:235,25,0,2
BRDA:235,25,1,1
BRF:38
BRH:26
end_of_record
TN:
SF:lib/database/files.ts
FN:21,recordFileUpload
FN:61,updateFileStatus
FN:100,updateFileLocalPath
FN:128,getClientFiles
FN:156,getFileById
FN:184,getAllFiles
FN:212,getFilesByStatus
FN:240,getFilesByType
FN:268,deleteFileRecord
FN:296,getClientFileCount
FN:322,getTotalFileCount
FN:347,getFileStatsByType
FN:362,(anonymous_49)
FN:379,getRecentUploads
FN:410,searchFilesByName
FNF:15
FNH:11
FNDA:2,recordFileUpload
FNDA:2,updateFileStatus
FNDA:1,updateFileLocalPath
FNDA:2,getClientFiles
FNDA:1,getFileById
FNDA:2,getAllFiles
FNDA:1,getFilesByStatus
FNDA:1,getFilesByType
FNDA:1,deleteFileRecord
FNDA:1,getClientFileCount
FNDA:1,getTotalFileCount
FNDA:0,getFileStatsByType
FNDA:0,(anonymous_49)
FNDA:0,getRecentUploads
FNDA:0,searchFilesByName
DA:8,1
DA:21,1
DA:26,2
DA:28,2
DA:43,2
DA:45,1
DA:46,1
DA:48,1
DA:49,1
DA:61,1
DA:67,2
DA:69,2
DA:74,2
DA:75,1
DA:78,2
DA:83,2
DA:85,2
DA:86,2
DA:88,0
DA:89,0
DA:100,1
DA:105,1
DA:107,1
DA:112,1
DA:114,1
DA:115,1
DA:117,0
DA:118,0
DA:128,1
DA:133,2
DA:135,2
DA:141,2
DA:143,2
DA:145,0
DA:146,0
DA:156,1
DA:161,1
DA:163,1
DA:169,1
DA:171,1
DA:173,0
DA:174,0
DA:184,3
DA:189,2
DA:191,2
DA:197,2
DA:199,2
DA:201,0
DA:202,0
DA:212,1
DA:217,1
DA:219,1
DA:225,1
DA:227,1
DA:229,0
DA:230,0
DA:240,1
DA:245,1
DA:247,1
DA:253,1
DA:255,1
DA:257,0
DA:258,0
DA:268,1
DA:273,1
DA:275,1
DA:280,1
DA:282,1
DA:283,1
DA:285,0
DA:286,0
DA:296,1
DA:301,1
DA:303,1
DA:308,1
DA:310,1
DA:312,0
DA:313,0
DA:322,1
DA:327,1
DA:329,1
DA:333,1
DA:335,1
DA:337,0
DA:338,0
DA:347,1
DA:352,0
DA:354,0
DA:358,0
DA:361,0
DA:362,0
DA:363,0
DA:364,0
DA:367,0
DA:369,0
DA:370,0
DA:379,1
DA:384,0
DA:386,0
DA:387,0
DA:389,0
DA:395,0
DA:397,0
DA:399,0
DA:400,0
DA:410,1
DA:415,0
DA:417,0
DA:423,0
DA:425,0
DA:427,0
DA:428,0
LF:112
LH:68
BRDA:38,0,0,2
BRDA:38,0,1,1
BRDA:43,1,0,1
BRDA:74,2,0,1
BRDA:83,3,0,0
BRDA:112,4,0,0
BRDA:141,5,0,0
BRDA:143,6,0,2
BRDA:143,6,1,0
BRDA:169,7,0,0
BRDA:184,8,0,1
BRDA:197,9,0,0
BRDA:199,10,0,2
BRDA:199,10,1,0
BRDA:225,11,0,0
BRDA:227,12,0,1
BRDA:227,12,1,0
BRDA:253,13,0,0
BRDA:255,14,0,1
BRDA:255,14,1,0
BRDA:280,15,0,0
BRDA:308,16,0,0
BRDA:310,17,0,1
BRDA:310,17,1,0
BRDA:333,18,0,0
BRDA:335,19,0,1
BRDA:335,19,1,0
BRDA:358,20,0,0
BRDA:362,21,0,0
BRDA:362,21,1,0
BRDA:362,22,0,0
BRDA:362,22,1,0
BRDA:363,23,0,0
BRDA:363,23,1,0
BRDA:364,24,0,0
BRDA:364,24,1,0
BRDA:379,25,0,0
BRDA:395,26,0,0
BRDA:397,27,0,0
BRDA:397,27,1,0
BRDA:423,28,0,0
BRDA:425,29,0,0
BRDA:425,29,1,0
BRF:43
BRH:11
end_of_record
TN:
SF:lib/database/mcao.ts
FN:26,saveMCAOData
FN:78,getMCAODataByAPN
FN:119,linkMCAOToProperty
FN:155,searchMCAOByOwner
FN:184,getMCAOStats
FN:248,deleteMCAOData
FN:282,getAllMCAOData
FN:316,mcaoDataExists
FN:348,getMCAODataByPropertyId
FNF:9
FNH:7
FNDA:4,saveMCAOData
FNDA:3,getMCAODataByAPN
FNDA:2,linkMCAOToProperty
FNDA:2,searchMCAOByOwner
FNDA:1,getMCAOStats
FNDA:2,deleteMCAOData
FNDA:0,getAllMCAOData
FNDA:3,mcaoDataExists
FNDA:0,getMCAODataByPropertyId
DA:11,1
DA:17,1
DA:26,1
DA:34,4
DA:35,4
DA:37,4
DA:38,1
DA:42,3
DA:62,3
DA:64,2
DA:65,2
DA:67,2
DA:68,2
DA:78,1
DA:83,3
DA:84,3
DA:86,3
DA:87,1
DA:90,2
DA:96,2
DA:98,1
DA:99,1
DA:101,0
DA:104,1
DA:105,1
DA:107,1
DA:108,1
DA:119,1
DA:127,2
DA:128,2
DA:130,2
DA:131,1
DA:134,1
DA:139,1
DA:141,1
DA:142,1
DA:144,1
DA:145,1
DA:155,1
DA:160,2
DA:162,2
DA:169,2
DA:171,2
DA:172,2
DA:174,0
DA:175,0
DA:184,1
DA:194,1
DA:197,1
DA:201,1
DA:204,1
DA:209,1
DA:212,1
DA:220,1
DA:227,1
DA:234,1
DA:235,1
DA:237,0
DA:238,0
DA:248,1
DA:253,2
DA:254,2
DA:256,2
DA:257,1
DA:260,1
DA:265,1
DA:267,1
DA:268,1
DA:270,1
DA:271,1
DA:282,1
DA:283,0
DA:284,0
DA:291,0
DA:294,0
DA:300,0
DA:302,0
DA:303,0
DA:305,0
DA:306,0
DA:316,1
DA:321,3
DA:322,3
DA:324,3
DA:325,1
DA:328,2
DA:333,2
DA:335,2
DA:337,1
DA:338,1
DA:348,1
DA:353,0
DA:355,0
DA:361,0
DA:363,0
DA:364,0
DA:366,0
DA:369,0
DA:370,0
DA:372,0
DA:373,0
LF:101
LH:77
BRDA:37,0,0,1
BRDA:62,1,0,1
BRDA:86,2,0,1
BRDA:96,3,0,1
BRDA:98,4,0,1
BRDA:130,5,0,1
BRDA:139,6,0,0
BRDA:169,7,0,0
BRDA:171,8,0,2
BRDA:171,8,1,1
BRDA:171,9,0,0
BRDA:171,9,1,2
BRDA:171,10,0,2
BRDA:171,10,1,2
BRDA:201,11,0,0
BRDA:209,12,0,0
BRDA:228,13,0,1
BRDA:228,13,1,0
BRDA:229,14,0,1
BRDA:229,14,1,0
BRDA:230,15,0,1
BRDA:230,15,1,0
BRDA:230,16,0,0
BRDA:230,16,1,1
BRDA:230,17,0,1
BRDA:230,17,1,1
BRDA:231,18,0,1
BRDA:231,18,1,0
BRDA:231,19,0,0
BRDA:231,19,1,1
BRDA:231,20,0,1
BRDA:231,20,1,1
BRDA:256,21,0,1
BRDA:265,22,0,0
BRDA:283,23,0,0
BRDA:284,24,0,0
BRDA:300,25,0,0
BRDA:302,26,0,0
BRDA:302,26,1,0
BRDA:302,27,0,0
BRDA:302,27,1,0
BRDA:302,28,0,0
BRDA:302,28,1,0
BRDA:324,29,0,1
BRDA:333,30,0,0
BRDA:335,31,0,2
BRDA:335,31,1,1
BRDA:361,32,0,0
BRDA:363,33,0,0
BRF:49
BRH:25
end_of_record
TN:
SF:lib/types/mcao-data.ts
FN:291,(anonymous_0)
FN:319,isValidAPN
FN:327,formatAPN
FN:345,parseToSummary
FN:361,formatCurrency
FN:373,formatSquareFeet
FN:380,toMaricopaSheetData
FNF:7
FNH:7
FNDA:2,(anonymous_0)
FNDA:36,isValidAPN
FNDA:29,formatAPN
FNDA:2,parseToSummary
FNDA:46,formatCurrency
FNDA:25,formatSquareFeet
FNDA:8,toMaricopaSheetData
DA:291,2
DA:292,2
DA:293,2
DA:294,2
DA:295,2
DA:296,2
DA:297,2
DA:298,2
DA:299,2
DA:300,2
DA:301,2
DA:319,2
DA:320,36
DA:321,36
DA:327,2
DA:329,29
DA:332,29
DA:333,22
DA:334,22
DA:335,22
DA:336,22
DA:339,7
DA:345,2
DA:346,2
DA:361,2
DA:362,46
DA:373,2
DA:374,25
DA:380,2
DA:381,8
DA:382,8
DA:383,8
DA:384,8
DA:385,8
DA:387,8
LF:35
LH:35
BRDA:291,0,0,2
BRDA:291,0,1,2
BRDA:332,1,0,22
BRDA:382,2,0,6
BRDA:382,3,0,2
BRDA:382,3,1,6
BRDA:382,4,0,8
BRDA:382,4,1,8
BRDA:383,5,0,6
BRDA:383,6,0,2
BRDA:383,6,1,6
BRDA:383,7,0,8
BRDA:383,7,1,8
BRDA:383,8,0,6
BRDA:383,8,1,0
BRDA:384,9,0,6
BRDA:384,10,0,2
BRDA:384,10,1,6
BRDA:384,11,0,8
BRDA:384,11,1,8
BRDA:385,12,0,6
BRDA:385,13,0,2
BRDA:385,13,1,6
BRDA:385,14,0,8
BRDA:385,14,1,8
BRDA:393,15,0,8
BRDA:393,15,1,1
BRDA:393,16,0,1
BRDA:393,16,1,7
BRDA:393,17,0,8
BRDA:393,17,1,8
BRDA:396,18,0,8
BRDA:396,18,1,1
BRDA:403,19,0,8
BRDA:403,19,1,1
BRDA:404,20,0,8
BRDA:404,20,1,1
BRDA:405,21,0,8
BRDA:405,21,1,1
BRDA:406,22,0,8
BRDA:406,22,1,1
BRDA:406,23,0,1
BRDA:406,23,1,7
BRDA:406,24,0,8
BRDA:406,24,1,8
BRDA:407,25,0,8
BRDA:407,25,1,1
BRDA:407,26,0,1
BRDA:407,26,1,7
BRDA:407,27,0,8
BRDA:407,27,1,8
BRDA:408,28,0,7
BRDA:408,28,1,1
BRDA:409,29,0,8
BRDA:409,29,1,1
BRDA:410,30,0,8
BRDA:410,30,1,2
BRF:57
BRH:56
end_of_record
TN:
SF:lib/types/mls-data.ts
FN:515,isMLSStatus
FN:522,isMLSBoolean
FN:529,mlsBooleanToBoolean
FN:536,booleanToMLSBoolean
FN:543,statusToDisplay
FNF:5
FNH:5
FNDA:15,isMLSStatus
FNDA:19,isMLSBoolean
FNDA:14,mlsBooleanToBoolean
FNDA:4,booleanToMLSBoolean
FNDA:21,statusToDisplay
DA:409,1
DA:429,1
DA:476,1
DA:481,1
DA:515,1
DA:516,15
DA:522,1
DA:523,19
DA:529,1
DA:530,14
DA:536,1
DA:537,4
DA:543,1
DA:544,21
DA:553,21
LF:15
LH:15
BRDA:537,0,0,2
BRDA:537,0,1,2
BRF:2
BRH:2
end_of_record
TN:
SF:lib/validation/upload-schema.ts
FN:51,(anonymous_0)
FN:55,(anonymous_1)
FN:61,(anonymous_2)
FN:70,(anonymous_3)
FN:115,validateFile
FN:144,formatFileSize
FN:157,getUploadTypeLabel
FNF:7
FNH:7
FNDA:12,(anonymous_0)
FNDA:12,(anonymous_1)
FNDA:12,(anonymous_2)
FNDA:12,(anonymous_3)
FNDA:8,validateFile
FNDA:12,formatFileSize
FNDA:4,getUploadTypeLabel
DA:7,1
DA:12,1
DA:23,1
DA:36,1
DA:51,12
DA:55,12
DA:62,12
DA:63,12
DA:71,12
DA:72,12
DA:85,1
DA:102,1
DA:115,1
DA:117,8
DA:118,1
DA:121,7
DA:122,1
DA:129,6
DA:130,6
DA:131,6
DA:132,2
DA:138,4
DA:144,1
DA:145,12
DA:147,11
DA:148,11
DA:149,11
DA:151,11
DA:157,1
DA:158,4
DA:160,1
DA:162,1
DA:164,1
DA:166,1
LF:34
LH:34
BRDA:62,0,0,0
BRDA:62,0,1,12
BRDA:62,1,0,12
BRDA:62,1,1,12
BRDA:72,2,0,12
BRDA:72,2,1,1
BRDA:117,3,0,1
BRDA:121,4,0,1
BRDA:129,5,0,0
BRDA:129,5,1,6
BRDA:129,6,0,6
BRDA:129,6,1,6
BRDA:131,7,0,2
BRDA:145,8,0,1
BRDA:158,9,0,1
BRDA:158,9,1,1
BRDA:158,9,2,1
BRDA:158,9,3,1
BRF:18
BRH:16
end_of_record
